id419485703,中华人民共和国国歌
id398052,中华人民共和国国歌
id395749,义勇军进行曲
id35307140,黑色星期五
id1297708297,
id33599655,
id36471573,浙江温州江南皮革厂倒闭了
id570760868,客官不可以
id1300235030,鬼畜金坷垃
id1427059938,
id427523602,
id436060916,
id549941162,
id29709817,
id5255312,
id29922261,
id1353852366,
id1306874370,
id505197208,
id1395999410,
id1384340817,
id427610119,
id1382807442,
id479338787,
id478831140,
id479636227,
id427595325,
id39224325,
id1415883251,
id571325204,
id1412229122,
id449454051,
id81608,
id1384535561,
id1425174193,
id470349273,
id545816751,
id502578991,
id409646124,
id404609685,
id1428458786,
id544940089,
id457642167,
id1342766130,
id1344064114,
id30431278,
id1386732882,列表
av93999182,
id25841337，
id27901375,
id1329122079,
id1873419389,
id500097295,
id1314611302,
id1911482339,
id28819359,
id22773570
