2022-06-26 01:35:15,让我们轰然向前,id1939073812,歌名：结婚 (2016 unplugged) 朱格乐,张怡然,,1656178509.0
2023-12-13 01:11:16,kavencat,id1395939412,歌名：寻,1702401068.0
2023-12-13 01:11:31,kavencat,id30431364,歌名：光,1702401083.0
2023-12-13 01:11:46,kavencat,id507502138,歌名：望,1702401098.0
2023-12-13 01:11:56,kavencat,id31673404,歌名：南（demo）,1702401108.0
2023-12-13 01:12:11,kavencat,id468800755,歌名：船,1702401123.0
2023-12-13 01:12:32,kavencat,id526470574,歌名：白,1702401144.0
2023-12-13 01:12:47,kavencat,id1808326361,歌名：坠,1702401159.0
2023-12-13 01:12:56,kavencat,id26145721,歌名：冬,1702401168.0
2023-12-13 01:13:07,kavencat,id484377152,歌名：盼,1702401178.0
2023-12-13 01:13:27,kavencat,id523658620,歌名：猫,1702401199.0
2023-12-13 01:13:42,kavencat,id28310930,歌名：涩,1702401214.0
2023-12-13 01:13:54,kavencat,id429769229,歌名：月,1702401224.0
2023-12-13 01:14:03,kavencat,id297752,歌名：门,1702401235.0
2023-12-13 01:14:14,kavencat,id411921863,歌名：孤,1702401246.0
2023-12-13 01:14:24,kavencat,id437755447,歌名：途,1702401256.0
2023-12-13 01:14:36,kavencat,id437250630,歌名：念,1702401268.0
2023-12-13 01:14:46,kavencat,id484030945,歌名：你,1702401278.0
2023-12-13 01:14:56,kavencat,id202369,歌名：画,1702401288.0
2023-12-13 01:15:06,kavencat,id502797556,歌名：对,1702401298.0
2023-12-13 01:15:16,kavencat,id410714658,歌名：瞬,1702401308.0
2023-12-13 01:15:26,kavencat,id519136840,歌名：只只,1702401318.0
2023-12-13 01:15:42,kavencat,id1921688733,歌名：纸船,1702401333.0
2023-12-13 01:15:52,kavencat,id445505374,歌名：心仪,1702401344.0
2023-12-13 01:16:14,kavencat,id514761281,歌名：白羊,1702401366.0
2023-12-13 01:16:24,kavencat,id29759733,歌名：可乐,1702401376.0
2023-12-13 01:16:35,kavencat,id485201794,歌名：呼吸,1702401386.0
2023-12-13 01:16:52,kavencat,id1294899029,歌名：心事,1702401402.0
2023-12-13 01:17:02,kavencat,id1301572067,歌名：某某,1702401414.0
2023-12-13 01:17:12,kavencat,id442869203,歌名：保留,1702401423.0
2023-12-13 01:17:22,kavencat,id30635613,歌名：秋酿,1702401433.0
2023-12-13 01:17:32,kavencat,id509343394,歌名：知秋,1702401443.0
2023-12-13 01:17:42,kavencat,id522510615,歌名：千禧,1702401454.0
2023-12-13 08:58:17,可爱俗常_,id2080251203,歌名：行走的鱼(七色鹿 Cover),1702429089.0
2023-12-13 09:06:04,可爱俗常_,id2014422927,歌名：去有风的地方,1702429556.0
2023-12-13 09:08:50,可爱俗常_,id1897351549,歌名：有点甜（甜妹版）,1702429722.0
2023-12-13 09:09:16,可爱俗常_,id1332461854,歌名：我想要,1702429747.0
2023-12-13 09:09:47,可爱俗常_,id2047787698,歌名：致：黯淡星,1702429778.0
2023-12-13 09:10:21,可爱俗常_,id1999606984,歌名：海绵宝宝,1702429812.0
2023-12-13 09:28:06,可爱俗常_,id2077290409,歌名：我的美丽（抖音DJ版）,1702430877.0
2023-12-13 09:30:54,可爱俗常_,id26867493,歌名：Fly by,1702431046.0
2023-12-13 14:05:58,秋风雨中来,id508878322,歌名：各相忘,1702447549.0
2023-12-13 14:08:45,秋风雨中来,id1891209124,歌名：一舞翩翩(王者荣耀公孙离跨次元国风主题曲),1702447715.0
2023-12-13 14:09:41,秋风雨中来,id555614676,歌名：王者荣耀-妲己-惑心者,1702447773.0
2023-12-13 14:29:44,秋风雨中来,id1917558547,歌名：花姐-人生不过三杯酒(DJHouse版）,1702448974.0
2023-12-13 14:39:47,秋风雨中来,id1357447293,歌名：惊蛰,1702449578.0
2023-12-13 14:44:22,秋风雨中来,id1372342772,歌名：说英雄（逆水寒跨服比武大会推广曲）,1702449851.0
2023-12-13 14:48:51,秋风雨中来,id28445466,歌名：粉墨人生,1702450122.0
2023-12-13 14:53:03,秋风雨中来,id1924781228,歌名：哺乳动物的情绪,1702450373.0
2023-12-13 14:54:13,秋风雨中来,id2054751000,歌名：莫问,1702450443.0
2023-12-13 14:58:02,秋风雨中来,id514765051,歌名：初音未来的消失（初音ミクの消失）,1702450672.0
2023-12-13 18:41:25,kavencat,id530169833,歌名：无归（《完美世界》主题曲）（Cover 叶里）,1702464074.0
2023-12-13 19:51:38,秋风雨中来,id1832977651,歌名：失恋阵线联盟（六少飞离谱说唱）,1702468288.0
2023-12-13 19:54:18,秋风雨中来,id2082082413,歌名：国士無双（疾风归来）,1702468450.0
2023-12-13 19:55:12,秋风雨中来,id455949583,歌名：从前的从前,1702468503.0
2023-12-13 19:56:59,秋风雨中来,id1428573543,歌名：音阙诗听-惊蛰（2周年钢琴版）（王梓钰 remix）,1702468607.0
2023-12-13 19:59:48,秋风雨中来,id1979306497,歌名：白露（Cover：音阙诗听、王梓钰）,1702468774.0
2023-12-13 20:00:35,秋风雨中来,id470060772,歌名：The Glow,1702468826.0
2023-12-13 20:05:15,秋风雨中来,id1473103058,歌名：处暑（翻自 王梓钰）,1702469106.0
2023-12-13 20:14:35,秋风雨中来,id1949911401,歌名：祝福的歌,1702469667.0
2023-12-13 23:42:46,bili_78636522210,id1952045932,歌名：怪天气 acoustic ver.,1702482154.0
2023-12-14 00:27:59,秋风雨中来,id1354291617,歌名：盛夏的果实,1702484871.0
2023-12-14 01:50:26,哭了就摩卡,id1853386142,歌名：长安姑娘,1702489818.0
2023-12-14 05:10:56,hhhhhalu,id1966870670,歌名：丛寒,1702501848.0
2023-12-14 08:21:51,秋风雨中来,id22201009,歌名：但愿人长久 (Live),1702513302.0
2023-12-14 08:29:01,秋风雨中来,id460107589,歌名：魔法少女☆恋爱战争,1702513732.0
2023-12-14 08:33:51,秋风雨中来,id2056529624,歌名：【原神四神】牵丝戏,1702514022.0
2023-12-14 08:38:03,秋风雨中来,id448722019,歌名：京剧猫,1702514275.0
2023-12-14 08:40:29,秋风雨中来,id34766643,歌名：星力量（动漫《宇宙星神》主题曲）,1702514419.0
2023-12-14 08:42:45,秋风雨中来,id1422404468,歌名：潘松和-青春之火(伴奏)（威天昭 remix）,1702514554.0
2023-12-14 08:45:00,秋风雨中来,id4879880,歌名：CARAMELLDANSEN(ウッーウッーウマウマ(゜∀゜))(Speedycake Remix),1702514688.0
2023-12-14 08:46:07,秋风雨中来,id405253632,歌名：梦回还 (TV size),1702514759.0
2023-12-14 08:49:53,秋风雨中来,id1445093648,歌名：神谕法则（翻自 洛天依）,1702514984.0
2023-12-14 08:56:50,秋风雨中来,id2104628506,歌名：【芙宁娜】深海回响,1702515402.0
2023-12-14 08:57:41,秋风雨中来,id2078122958,歌名：peek at the moon,1702515451.0
2023-12-14 08:59:03,秋风雨中来,id1954518383,歌名：风华正茂,1702515532.0
2023-12-14 09:02:42,秋风雨中来,id1435685746,歌名：贝贝贝贝,1702515753.0
2023-12-14 09:03:26,秋风雨中来,id2081840855,歌名：one casual song（贝贝）,1702515796.0
2023-12-14 09:07:03,秋风雨中来,id27712732,歌名：過食性：アイドル症候群 -ギガP Remix-,1702516012.0
2023-12-14 09:07:51,秋风雨中来,id1463545664,歌名：星座密码（《巴啦啦小魔仙》,1702516063.0
2023-12-14 17:35:44,秋风雨中来,id1419781630,歌名：铃声-风铃（翻自 周蕙）,1702546536.0
2023-12-15 16:13:02,真朱啸,id2107269350,歌名：我的纸飞机 (治愈版)（0.9x）,1702627971.0
2023-12-16 04:18:09,老师请罚我扫女厕所吧,id1937451543,歌名：别在夜里哭,1702671480.0
2023-12-16 04:19:40,老师请罚我扫女厕所吧,id27538254,歌名：女儿情,1702671572.0
2023-12-16 04:21:36,老师请罚我扫女厕所吧,id2051409240,歌名：张雨生 - 口是心非（Adolf Jack remix）,1702671686.0
2023-12-16 04:24:19,老师请罚我扫女厕所吧,id1420939632,歌名：青媚狐（翻自 白止）,1702671851.0
2023-12-16 17:15:48,心染斜晖,id627594,歌名：難破船（遇难船）,1702718140.0
2023-12-17 00:13:07,万物似倾颜,id2011611895,歌名：黑色契约（女生版）,1702743178.0
2023-12-17 00:13:59,总在看热闹的我,id1814603882,歌名：我本人,1702743229.0
2023-12-17 00:18:09,总在看热闹的我,id423118691,歌名：挥着翅膀的女孩,1702743481.0
2023-12-17 00:19:43,总在看热闹的我,id2044378969,歌名：陈柏宇 - 你瞒我瞒 (Remix),1702743573.0
2023-12-17 00:21:15,总在看热闹的我,id1405224122,歌名：够钟,1702743667.0
2023-12-17 00:21:49,总在看热闹的我,id5280505,歌名：蚂蚁蚂蚁,1702743701.0
2023-12-17 00:25:59,总在看热闹的我,id95475,歌名：老人与海,1702743950.0
2023-12-17 00:41:54,总在看热闹的我,id27928273,歌名：听海(live版),1702744906.0
2023-12-17 01:18:01,CZ6650,id2035154658,歌名：思想犯（Thoughtcrime）,1702747069.0
2023-12-17 01:22:25,CZ6650,id1357628744,歌名：パレード（游行 Parade）,1702747337.0
2023-12-17 01:26:19,CZ6650,id37610862,歌名：Links 2 3 4,1702747571.0
2023-12-17 01:36:24,CZ6650,id1313104119,歌名：The Reluctant Heroes (澤野弘之 LIVE[nZk]004 (2016/11/03@TOKYO DOME CITY HALL)),1702748172.0
2023-12-17 10:23:00,忘却不忘2,id1348552466,歌名：可惜我是水瓶座,1702779772.0
2023-12-17 10:23:58,忘却不忘2,id1378064300,歌名：神奇的西藏,1702779830.0
2023-12-17 10:24:39,忘却不忘2,id2060783407,歌名：向云端（治愈女声纯歌版）,1702779871.0
2023-12-17 10:25:32,忘却不忘2,id1917363669,歌名：有谱,1702779924.0
2023-12-17 10:26:21,忘却不忘2,id1322813159,歌名：古城泉州!!（第三届泉州海丝古城徒步穿越活动推广曲）,1702779969.0
2023-12-17 10:26:54,忘却不忘2,id2081626484,歌名：经济舱,1702780004.0
2023-12-17 10:28:04,忘却不忘2,id1431226136,歌名：至少还有你,1702780072.0
2023-12-17 13:11:40,kavencat,id2101911409,歌名：梦里花(DJ版),1702789891.0
2023-12-17 13:24:37,尘寄-尘埃寄生虫,id2097253639,歌名：凄美地（0.8）,1702790668.0
2023-12-17 13:58:00,口袋Eee,id2055486283,歌名：我离开我自己【A-Lin朱珠/浪姐版】,1702792669.0
2023-12-17 15:42:38,总在看热闹的我,id1953105384,歌名：冬天里的一把火（DJ铁匠版）,1702798949.0
2023-12-17 15:42:58,总在看热闹的我,id2102700394,歌名：绝对是个梦,1702798970.0
2023-12-17 15:43:44,总在看热闹的我,id1335455164,歌名：护花使者（抖音最火版）,1702799016.0
2023-12-17 15:43:54,总在看热闹的我,id1436106156,歌名：红日,1702799024.0
2023-12-17 18:15:49,沃土wt,id550059604,歌名：绝体绝命,1702808140.0
2023-12-17 18:18:45,沃土wt,id2029187848,歌名：祝你平安（电影《保你平安》主题曲）,1702808315.0
2023-12-17 18:22:10,沃土wt,id1825037926,歌名：ラヴィット（Loveit）,1702808522.0
2023-12-17 18:22:54,沃土wt,id290589,歌名：祝你平安（电视剧《都市平安夜》片尾曲）,1702808564.0
2023-12-17 18:32:31,沃土wt,id1984537563,歌名：高阶萌妹成长指南,1702809142.0
2023-12-17 18:52:56,一只蓝色的游戏君,id2105759112,歌名：Numb（麻木）,1702810368.0
2023-12-18 00:37:57,小呆呆不呆77557434,id1975295988,歌名：BPM=RT,1702831068.0
2023-12-18 00:43:39,小呆呆不呆77557434,id1492643422,歌名：Angel's Salad ('Le mythe йtendu' ver.),1702831409.0
2023-12-18 00:48:33,小呆呆不呆77557434,id29279715,歌名：Dream,1702831705.0
2023-12-18 06:44:53,秋风雨中来,id2102867849,歌名：姑娘别哭泣（女声版）,1702853085.0
2023-12-18 07:45:46,童忆雨紫恒,id2030127465,歌名：人间烟火-（程响）,1702856737.0
2023-12-18 07:46:51,童忆雨紫恒,id1483727167,歌名：[A]ddiction,1702856802.0
2023-12-18 09:55:31,seqing男,id2103879318,歌名：情书,1702864523.0
2023-12-18 09:58:13,seqing男,id561493928,歌名：Hop,1702864685.0
2023-12-18 11:14:07,秋风雨中来,id1893113510,歌名：星陨,1702869237.0
2023-12-18 12:41:34,大杯宇治辰半糖飞冰,id428387376,歌名：将死之时掩以水门汀,1702874485.0
2023-12-18 13:18:31,口袋Eee,id1828658065,歌名：我离开我自己（翻自 杨乃文）,1702876702.0
2023-12-18 17:02:51,恒隐HY,id34516734,歌名：强军战歌,1702890163.0
2023-12-18 17:34:11,GGUI嘎嘎,id5187965,歌名：Living For The City,1702892040.0
2023-12-18 21:04:53,bili_77415958734,id2102024420,歌名：一笑江湖（DJ版）（萨佬~Music remix）,1702904683.0
2023-12-18 21:10:53,bili_77415958734,id1893220415,歌名：Temple（L.Youd / Zerky / Liu remix）,1702905042.0
2023-12-18 21:13:12,bili_77415958734,id2089193138,歌名：Show it Ben,1702905184.0
2023-12-18 22:04:21,针眼画师Official,id33665044,歌名：EVERYTIME YOU WANT,1702908251.0
2023-12-18 22:08:09,针眼画师Official,id33665045,歌名：BAD LOVE,1702908481.0
2023-12-18 22:09:24,针眼画师Official,id33665046,歌名：TASTE OF LOVE,1702908555.0
2023-12-18 22:10:34,针眼画师Official,id33665070,歌名：DANCING IN MAHARAJA,1702908624.0
2023-12-18 22:11:22,针眼画师Official,id33665063,歌名：RADIO,1702908673.0
2023-12-19 04:37:22,闲人一丢丢,id1904006815,歌名：单车-庄心妍,1702931833.0
2023-12-19 12:03:07,大杯宇治辰半糖飞冰,id33024005,歌名：中国少年先锋队队歌,1702958579.0
2023-12-19 20:02:56,bili_77415958734,id1378260044,歌名：江湖一笑,1702987368.0
2023-12-19 20:11:22,bili_77415958734,id1860506221,歌名：《土 耳 其 进 行 曲》,1702987873.0
2023-12-19 20:23:12,bili_77415958734,id29418062,歌名：最炫民族风(Live),1702988583.0
2023-12-21 12:26:41,kavencat,id2107579370,歌名：我们终将在音乐里相遇（网易云音乐2023年度听歌报告主题曲）,1703132791.0
2023-12-21 12:26:51,kavencat,id2071935674,歌名：我想念,1703132803.0
2023-12-21 12:27:01,kavencat,id2103764064,歌名：阳光男孩阳光女孩2023,1703132813.0
2023-12-21 12:27:11,kavencat,id1397345903,歌名：悬溺,1703132823.0
2023-12-21 12:27:21,kavencat,id2061978961,歌名：离别开出花,1703132833.0
2023-12-21 12:27:31,kavencat,id1456890009,歌名：罗生门（Follow）,1703132843.0
2023-12-21 12:27:48,kavencat,id2100329027,歌名：冷战,1703132860.0
2023-12-21 12:27:58,kavencat,id1974443814,歌名：我记得,1703132869.0
2023-12-21 12:28:08,kavencat,id436346833,歌名：凄美地,1703132879.0
2023-12-21 12:28:20,kavencat,id1895330088,歌名：予你（巫哲原著小说《解药》官方主题曲）,1703132890.0
2023-12-21 12:28:29,kavencat,id2051548110,歌名：Nothin' on Me,1703132901.0
2023-12-21 12:28:39,kavencat,id1403318151,歌名：把回忆拼好给你,1703132911.0
2023-12-21 12:28:49,kavencat,id1842728629,歌名：如果呢,1703132921.0
2023-12-21 12:28:59,kavencat,id2103368325,歌名：幕后生活,1703132931.0
2023-12-21 12:29:09,kavencat,id1827600686,歌名：还是会想你,1703132941.0
2023-12-21 12:29:19,kavencat,id1303027499,歌名：总有一天你会出现在我身边,1703132951.0
2023-12-21 12:29:31,kavencat,id1398283847,歌名：我只能离开（电视剧《初恋那件小事》推广曲）,1703132961.0
2023-12-21 12:29:43,kavencat,id421423808,歌名：虚拟,1703132973.0
2023-12-21 12:29:53,kavencat,id2106790547,歌名：爱丫爱丫 (live),1703132985.0
2023-12-21 12:30:04,kavencat,id1482867143,歌名：夏夜最后的烟火（当我抬起头 你正看向我）,1703132995.0
2023-12-21 12:30:14,kavencat,id2049512697,歌名：向云端,1703133006.0
2023-12-21 12:30:24,kavencat,id1459261754,歌名：直到你降临,1703133016.0
2023-12-21 12:30:34,kavencat,id1951069525,歌名：精卫,1703133026.0
2023-12-21 12:30:44,kavencat,id2019573476,歌名：达尔文,1703133036.0
2023-12-21 12:31:00,kavencat,id2104333421,歌名：十二月的奇迹（我望眼欲穿）,1703133051.0
2023-12-21 12:31:10,kavencat,id488249475,歌名：哪里都是你,1703133061.0
2023-12-21 12:31:20,kavencat,id2078700726,歌名：姑娘别哭泣,1703133072.0
2023-12-21 12:31:29,kavencat,id475479888,歌名：在你的身边,1703133081.0
2023-12-21 12:31:45,kavencat,id865632948,歌名：若把你,1703133097.0
2023-12-21 12:31:55,kavencat,id2026224214,歌名：雪 Distance,1703133107.0
2023-12-21 12:32:11,kavencat,id1838919030,歌名：王招君 (你看你拉住我的模样)（《寻汉计》电影推广曲）,1703133122.0
2023-12-21 12:32:27,kavencat,id1417849873,歌名：一程山路,1703133139.0
2023-12-22 02:18:34,陆贰柒贰,id2117392,歌名：Back To Black (Live),1703182704.0
2023-12-22 03:42:01,議拳超人,id426850074,歌名：唯你一生（电影《一生有你》推广曲）,1703187711.0
2023-12-22 03:42:38,議拳超人,id1404904507,歌名：星星点灯,1703187750.0
2023-12-22 10:52:39,小Li_爱睡觉,id2008754274,歌名：TOMBOY,1703213550.0
2023-12-22 12:04:41,松下山羽,id479029118,歌名：Someday,1703217873.0
2023-12-22 19:37:32,沃土wt,id864648190,歌名：The Day You Went Away（你走的那一天）,1703245042.0
2023-12-23 00:11:39,福苑寶寶,id1845777453,歌名：青春就这Young（纯享版）（翻自 贾玲）,1703261488.0
2023-12-23 00:19:28,青柚zy,id1418090668,歌名：God's Plan,1703261960.0
2023-12-23 03:34:27,福苑寶寶,id5269440,歌名：单身女人,1703273659.0
2023-12-23 03:43:31,福苑寶寶,id1420260234,歌名：大鱼,1703274203.0
2023-12-23 05:31:46,福苑寶寶,id2016388224,歌名：歌曲：花开忘忧,1703280698.0
2023-12-23 10:53:33,福苑寶寶,id1849147088,歌名：虫儿飞（翻自杨烁）,1703300003.0
2023-12-23 11:10:15,小约翰可汗二十七世,id1967401680,歌名：HALATION,1703301001.0
2023-12-23 11:13:55,小约翰可汗二十七世,id659395,歌名：Oh No, Oh Yes!,1703301227.0
2023-12-23 11:18:56,小约翰可汗二十七世,id29751583,歌名：CITY HUNTER ~愛よ消えないで~（城市猎人~爱啊请别消失~）,1703301526.0
2023-12-23 11:25:46,小约翰可汗二十七世,id1396524579,歌名：アイアルの勘違い（拥有爱的错想）,1703301936.0
2023-12-23 16:04:55,福苑寶寶,id1987834385,歌名：萌妹代表词,1703318686.0
2023-12-23 16:29:03,福苑寶寶,id1405318694,歌名：青鸟（ブルーバード）（火影忍者·疾风传 OP）（翻自 いきものがかり）,1703320133.0
2023-12-23 16:35:44,福苑寶寶,id2101237435,歌名：封面女郎（粤语）,1703320533.0
2023-12-23 16:40:07,福苑寶寶,id253681,歌名：玻璃鞋,1703320798.0
2023-12-23 17:13:03,福苑寶寶,id22753452,歌名：蓮,1703322774.0
2023-12-24 09:31:26,福苑寶寶,id1816394752,歌名：一个人的情歌（翻自 MC九凌）,1703381477.0
2023-12-24 09:34:10,福苑寶寶,id1499970148,歌名：山海（华晨宇《歌手2018》版）,1703381640.0
2023-12-24 13:37:03,一个迷路的玛卡巴卡,id485347183,歌名：Lost (Sunroof Remix),1703396213.0
2023-12-24 13:42:23,_是绵羊啊,id2062481752,歌名：【Free】“最伟大的作品” 周氏古典 Type Beat,1703396532.0
2023-12-24 21:41:04,EIN恩,id1940664814,歌名：CH4NGE,1703425254.0
2023-12-24 21:44:04,EIN恩,id2044623406,歌名：emo歌曲串烧,1703425436.0
2023-12-24 21:45:52,EIN恩,id4939800,歌名：BEYOND THE TIME~メビウスの宇宙を越えて~（映画「機動戦士ガンダム 逆襲のシャア」EDテーマ）,1703425539.0
2023-12-24 22:39:56,EIN恩,id1294899572,歌名：劣等上等,1703428788.0
2023-12-25 09:40:29,GGUI嘎嘎,id2020800204,歌名：不喜欢下雨天（片段）,1703468420.0
2023-12-25 20:24:58,福苑寶寶,id150407,歌名：沙滩+Over The Rainbow (Live),1703507087.0
2023-12-26 01:57:59,福苑寶寶,id428203201,歌名：女人心 (Live),1703527070.0
2023-12-26 02:04:32,福苑寶寶,id2016162260,歌名：错都错了,1703527463.0
2023-12-26 03:06:40,福苑寶寶,id299232,歌名：给自己的情书 (Live),1703531189.0
2023-12-26 04:16:26,福苑寶寶,id1987964680,歌名：夜风铃,1703535376.0
2023-12-26 09:48:31,福苑寶寶,id1983821268,歌名：山海,1703555302.0
2023-12-26 12:20:24,福苑寶寶,id339160,歌名：四季歌,1703564415.0
2023-12-26 12:21:34,福苑寶寶,id2018583886,歌名：梦里的女孩,1703564486.0
2023-12-26 12:22:54,福苑寶寶,id444356035,歌名：路过蜻蜓（Cover 张国荣）,1703564565.0
2023-12-26 12:23:21,福苑寶寶,id27825957,歌名：左右手,1703564593.0
2023-12-26 12:24:18,福苑寶寶,id2088701521,歌名：诸葛抚琴,1703564650.0
2023-12-26 12:35:57,心染斜晖,id475419657,歌名：我好像在哪见过你（Cover 薛之谦）,1703565347.0
2023-12-26 12:48:49,心染斜晖,id624751,歌名：銀の龍の背に乗って（骑在银龙的背上）,1703566119.0
2023-12-26 17:50:18,福苑寶寶,id1979647862,歌名：秋意中等我,1703584206.0
2023-12-26 17:50:58,福苑寶寶,id27867494,歌名：小玩意 (Live),1703584250.0
2023-12-26 18:07:04,福苑寶寶,id5243130,歌名：大日子,1703585214.0
2023-12-26 18:07:19,福苑寶寶,id1983641099,歌名：山海（超燃怒音女声版）,1703585229.0
2023-12-26 19:25:03,福苑寶寶,id409646230,歌名：登录界面音乐(大转移前) - character select stage（风一样的勇士）,1703589893.0
2023-12-27 20:01:15,在街角彷徨,id277766,歌名：友谊之光（电影《监狱风云》插曲）,1703678465.0
2023-12-29 10:15:46,梦幻星空1921,id2111285301,歌名：万流,1703816137.0
2023-12-29 10:16:25,梦幻星空1921,id2012875368,歌名：孤单心事（0.8x),1703816176.0
2023-12-29 10:16:39,梦幻星空1921,id1310111121,歌名：万里晴空,1703816191.0
2023-12-29 10:17:08,梦幻星空1921,id1939940458,歌名：风的轨迹（cover：ycccc）,1703816217.0
2023-12-29 13:00:00,花生友等睇戏,id2090022345,歌名：ON,1703825991.0
2023-12-29 16:34:10,忘却不忘2,id1917404080,歌名：北京欢迎你【冬奥会版】,1703838841.0
2023-12-29 16:35:15,忘却不忘2,id416385506,歌名：大鱼 （Cover 周深）,1703838907.0
2023-12-29 16:36:21,忘却不忘2,id1993607832,歌名：曹雅雯-若是明仔载（FU remix）,1703838970.0
2023-12-29 17:41:03,丿夏木鱼,id4899624,歌名：ありがとう…（谢谢...）,1703842855.0
2023-12-30 11:49:43,钢笔pen君,id347987,歌名：山海间（Between The Mountains And The Sea）,1703908173.0
2023-12-30 12:03:30,景栩橙,id22815818,歌名：夕焼けの歌（夕阳之歌）,1703909002.0
2023-12-30 13:16:35,ICH-WELL,id18697716,歌名：Painkiller (live),1703913383.0
2023-12-30 18:00:58,沃土wt,id2088789466,歌名：将进酒（说唱版）,1703930450.0
2023-12-30 18:02:46,沃土wt,id1859603833,歌名：ラヴィット（Loveit）,1703930558.0
2023-12-30 18:07:01,沃土wt,id2018938988,歌名：小沈阳,高进 - 我的好兄弟(Jerry W Radio),1703930810.0
2023-12-30 18:08:15,沃土wt,id5048992,歌名：Boogie Wonderland,1703930884.0
2023-12-30 20:10:41,沃土wt,id17075871,歌名：Ein kleines Lied (Around The World)（一首小小的歌曲（全世界））,1703938229.0
2023-12-31 06:40:47,福苑寶寶,id234015,歌名：A.I.N.Y. 爱你,1703976039.0
2023-12-31 06:41:50,福苑寶寶,id41500098,歌名：假如爱有天意-文武贝钢琴版,1703976101.0
2023-12-31 06:42:33,福苑寶寶,id472726970,歌名：静夜思·床前明月光 (唐)李白,1703976145.0
2023-12-31 06:45:48,福苑寶寶,id543747557,歌名：似是故人来（完整版）,1703976340.0
2023-12-31 06:47:17,福苑寶寶,id1484862296,歌名：RU 彭羚金曲串燒,1703976426.0
2023-12-31 14:54:36,福苑寶寶,id440357630,歌名：红颜旧,1704005668.0
2024-01-01 13:04:49,kavencat,id569671,歌名：キミがいれば（如果有你在）,1704085481.0
2024-01-01 13:07:17,kavencat,id2103772974,歌名：美丽的鳍,1704085629.0
2024-01-01 17:01:23,福苑寶寶,id187837,歌名：有心人(Live),1704099674.0
2024-01-01 17:01:49,他戏最多1420,id5237861,歌名：风雨无阻,1704099700.0
2024-01-01 17:03:30,福苑寶寶,id1911373734,歌名：无赖,1704099800.0
2024-01-01 17:08:10,铜板rrrrrrrrr,id2082800767,歌名：床,1704100081.0
2024-01-01 18:59:14,ICH-WELL,id5145833,歌名：Psychosocial,1704106745.0
2024-01-01 19:02:40,ICH-WELL,id27317528,歌名：Enter Sandman,1704106951.0
2024-01-02 19:27:00,初_初めてのほこり,id464534706,歌名：演员（翻自：薛之谦）,1704194812.0
2024-01-03 03:54:47,Winning举大旗,id503944593,歌名：Bottom To The Top,1704225276.0
2024-01-03 04:47:48,福苑寶寶,id1926352401,歌名：曹操,1704228460.0
2024-01-03 04:48:58,福苑寶寶,id2021114911,歌名：寂寞烟火,1704228530.0
2024-01-03 04:49:29,福苑寶寶,id22201018,歌名：约定 (Live),1704228561.0
2024-01-03 05:06:37,福苑寶寶,id188424,歌名：MONICA,1704229589.0
2024-01-03 05:06:59,福苑寶寶,id28502099,歌名：左右手同时写,1704229611.0
2024-01-03 11:22:28,kavencat,id25641187,歌名：如果没有你,1704252140.0
2024-01-03 11:23:08,kavencat,id355386,歌名：拥抱着你的滋味,1704252179.0
2024-01-03 13:42:52,初_初めてのほこり,id1925551524,歌名：DJ-大雨还在下（抖音热播版）（华梁星 / dj华先生 remix）,1704260561.0
2024-01-03 13:47:45,初_初めてのほこり,id1486242034,歌名：Lemon,1704260857.0
2024-01-03 13:57:43,初_初めてのほこり,id2110808919,歌名：天下0.9X（DJ赫赫remix）,1704261451.0
2024-01-03 18:20:21,福苑寶寶,id5277180,歌名：最好的声音,1704277212.0
2024-01-03 18:21:29,福苑寶寶,id211858,歌名：我心不死(Live),1704277280.0
2024-01-03 20:33:15,foison18,id1881284869,歌名：水手（郑智化）,1704285186.0
2024-01-04 02:30:00,星光光子酱,id30798034,歌名：光るなら（若能绽放光芒）,1704306591.0
2024-01-04 11:22:37,Hebobnak,id564489345,歌名：Smoke & Fire,1704338548.0
2024-01-04 12:37:33,Aero董事长,id2109407444,歌名：阳光开朗大男孩,1704343044.0
2024-01-04 12:40:29,Aero董事长,id1901895714,歌名：成都,1704343220.0
2024-01-04 12:42:24,富富丰,id1972707280,歌名：一般的一天(Wiz_H),1704343336.0
2024-01-04 14:05:53,崩坏的遗计,id249878,歌名：我的小妹,1704348345.0
2024-01-04 14:07:15,崩坏的遗计,id27551014,歌名：月亮代表谁的心,1704348427.0
2024-01-04 18:19:12,福苑寶寶,id1834417682,歌名：大风吹,1704363544.0
2024-01-04 18:20:19,福苑寶寶,id34766562,歌名：吻别,1704363611.0
2024-01-04 19:42:21,Hebobnak,id36270151,歌名：Dead Inside,1704368532.0
2024-01-04 20:14:00,福苑寶寶,id1361818518,歌名：RU 鄭中基金曲串燒,1704370432.0
2024-01-04 20:40:27,福苑寶寶,id419485843,歌名：喀秋莎,1704372019.0
2024-01-04 20:41:04,福苑寶寶,id2074724287,歌名：我在春天等你,1704372055.0
2024-01-04 20:41:32,福苑寶寶,id519250206,歌名：葫芦娃（动画《葫芦娃》片尾曲）,1704372083.0
2024-01-05 01:02:05,晩倾心,id22695163,歌名：舞い落ちる雪のように（犹如飘落之雪）,1704387715.0
2024-01-05 01:09:06,晩倾心,id27927950,歌名：唱歌给你听,1704388137.0
2024-01-05 10:38:07,福苑寶寶,id1411571756,歌名：约定（男声版）,1704422278.0
2024-01-05 10:41:54,福苑寶寶,id5269442,歌名：天黑黑,1704422505.0
2024-01-05 10:43:03,福苑寶寶,id5251209,歌名：承诺(香港版)（“一方有难，八方支援” 两岸三地演艺界5.12关爱行动主题曲）,1704422573.0
2024-01-05 10:44:57,福苑寶寶,id469957189,歌名：我们到最后终于变成朋友（Cover 王睿\\金玟岐）,1704422686.0
2024-01-05 10:46:09,福苑寶寶,id1344558592,歌名：领悟,1704422761.0
2024-01-05 10:49:07,福苑寶寶,id1401067548,歌名：你的名字我的姓氏_艺晓天（混缩）,1704422936.0
2024-01-05 10:49:49,福苑寶寶,id2003688960,歌名：你的名字我的姓氏 伴奏（唯美钢琴）,1704422976.0
2024-01-05 12:42:04,Aero董事长,id2022186184,歌名：星辰大海,1704429716.0
2024-01-05 12:42:15,Aero董事长,id31649308,歌名：secret base ~君がくれたもの~ (10 years after Ver.)（secret base 〜你给我的所有〜）,1704429723.0
2024-01-06 01:56:41,虹雨满堂_bili,id1446235249,歌名：突然的自我 (Live),1704477393.0
2024-01-06 01:59:25,虹雨满堂_bili,id110761,歌名：世界第一等(Live),1704477557.0
2024-01-06 02:04:15,虹雨满堂_bili,id2021503231,歌名：你不来我不老,1704477846.0
2024-01-06 02:10:08,虹雨满堂_bili,id556316883,歌名：Tabla del 7,1704478200.0
2024-01-06 02:12:49,虹雨满堂_bili,id33715957,歌名：苏维埃进行曲 (女声版),1704478361.0
2024-01-06 03:34:04,万十里春风,id30352784,歌名：冰岛,1704483234.0
2024-01-06 03:36:49,万十里春风,id1834339746,歌名：我不知道2020,1704483400.0
2024-01-06 08:13:58,福苑寶寶,id1943478950,歌名：Encanto (游戏《极限竞速：地平线5》主题曲),1704500029.0
2024-01-06 09:17:11,乐乐爱奖励,id1979981795,歌名：可以吗,1704503822.0
2024-01-06 09:20:25,乐乐爱奖励,id2113532650,歌名：璀璨冒险人,1704504017.0
2024-01-06 09:25:45,乐乐爱奖励,id1830693660,歌名：浮光,1704504337.0
2024-01-06 12:55:48,到人间凑个数,id2081993641,歌名：投笔,1704516939.0
2024-01-06 12:58:34,到人间凑个数,id2105983741,歌名：山外小楼夜听雨,1704517106.0
2024-01-06 13:06:43,重装上阵和平精英解说,id1969431540,歌名：Attention,1704517595.0
2024-01-06 13:11:42,重装上阵和平精英解说,id30569575,歌名：The British Grenadiers（英国掷弹兵进行曲）,1704517892.0
2024-01-06 13:18:24,重装上阵和平精英解说,id570708898,歌名：Erika,1704518296.0
2024-01-06 13:25:20,重装上阵和平精英解说,id1916178803,歌名：Graveyard Phonk（CampNouu remix）,1704518710.0
2024-01-06 13:30:22,重装上阵和平精英解说,id491955283,歌名：rain on me,1704519014.0
2024-01-06 14:18:40,重装上阵和平精英解说,id28268235,歌名：Ghost,1704521911.0
2024-01-06 14:25:54,重装上阵和平精英解说,id2070882195,歌名：Tired Of Problems(Over Slowed),1704522344.0
2024-01-06 14:29:42,重装上阵和平精英解说,id1456655506,歌名：ミク,1704522573.0
2024-01-06 14:30:15,重装上阵和平精英解说,id28768887,歌名：Blessing,1704522607.0
2024-01-06 14:37:32,重装上阵和平精英解说,id30569753,歌名：咚咚向前,1704523044.0
2024-01-06 21:48:52,福苑寶寶,id317781,歌名：情人知己+让我欢喜让我忧(Live),1704548922.0
2024-01-06 21:49:34,福苑寶寶,id1419457616,歌名：山海,1704548966.0
2024-01-06 21:50:05,福苑寶寶,id2097758948,歌名：孤勇者,1704548997.0
2024-01-06 21:51:43,福苑寶寶,id276250,歌名：芳华绝代(Live),1704549093.0
2024-01-06 21:53:49,福苑寶寶,id1443990084,歌名：十面埋伏（古筝改版）,1704549219.0
2024-01-06 21:54:14,福苑寶寶,id1395667535,歌名：女皇,1704549246.0
2024-01-06 21:58:14,福苑寶寶,id118565,歌名：我代你哭(Live),1704549486.0
2024-01-06 21:58:45,福苑寶寶,id5244155,歌名：伤心的小鹦鹉,1704549516.0
2024-01-06 22:02:49,福苑寶寶,id27867449,歌名：倾城 (Live),1704549760.0
2024-01-07 10:11:52,必须一边奔跑一边吐血,id1960102364,歌名：你干嘛手机铃声,1704593504.0
2024-01-07 11:27:34,福苑寶寶,id1848183029,歌名：小苹果,1704598046.0
2024-01-07 11:28:47,福苑寶寶,id2072378727,歌名：小狗乖乖,1704598119.0
2024-01-07 11:30:31,福苑寶寶,id234951,歌名：星光下的梦想（电影《喜羊羊与灰太狼之兔年顶呱呱》插曲）,1704598220.0
2024-01-07 11:31:33,福苑寶寶,id1474589240,歌名：红色高根鞋,1704598284.0
2024-01-07 15:19:11,初_初めてのほこり,id1313107915,歌名：那是你离开了北京的生活 (live),1704611940.0
2024-01-07 16:17:03,乐乐爱奖励,id2115179694,歌名：浮光,1704615414.0
2024-01-07 16:21:16,乐乐爱奖励,id2005250226,歌名：裹着心的光,1704615667.0
2024-01-07 16:25:59,乐乐爱奖励,id5281399,歌名：祝福你,1704615950.0
2024-01-07 21:39:07,福苑寶寶,id1956153814,歌名：等（DJ弹鼓版）（邹某人 remix）,1704634736.0
2024-01-07 22:17:34,福苑寶寶,id5285096,歌名：地球大合唱,1704637046.0
2024-01-07 22:42:07,福苑寶寶,id1441804406,歌名：喜帖街（粤语女声）,1704638518.0
2024-01-07 22:43:46,福苑寶寶,id2073251070,歌名：二月三十日,1704638616.0
2024-01-08 10:39:54,跳动乐章,id34468943,歌名：Road Trip,1704681585.0
2024-01-08 11:02:12,跳动乐章,id1931566539,歌名：Darin-Road Trip (Bootleg Remix),1704682922.0
2024-01-08 21:52:34,福苑寶寶,id1476091,歌名：Stand by Me,1704721944.0
2024-01-08 21:53:10,福苑寶寶,id1951856934,歌名：16号爱人,1704721980.0
2024-01-08 21:53:31,福苑寶寶,id2014294843,歌名：放生,1704722002.0
2024-01-08 23:40:44,福苑寶寶,id454711980,歌名：看我72变,1704728436.0
2024-01-08 23:41:03,福苑寶寶,id1959217039,歌名：日不落 (DJ版),1704728454.0
2024-01-08 23:47:57,福苑寶寶,id31134168,歌名：大艺术家,1704728868.0
2024-01-09 01:51:05,福苑寶寶,id1964467941,歌名：体面,1704736256.0
2024-01-09 11:28:03,kavencat,id446935665,歌名：夢燈籠 (R7CKY 你的名字 Mix)（梦灯笼）,1704770873.0
2024-01-09 11:33:08,kavencat,id5286537,歌名：踏浪,1704771180.0
2024-01-09 11:38:09,kavencat,id1916610026,歌名：踏雪-燃情冬奥,1704771481.0
2024-01-09 21:28:06,靑-禾,id1899177184,歌名：千千阙歌(dj版),1704806878.0
2024-01-09 21:40:55,靑-禾,id1919317810,歌名：虞兮叹 —— 刘乙未,1704807646.0
2024-01-09 21:53:52,靑-禾,id1865129544,歌名：Unstoppable,1704808424.0
2024-01-09 23:25:50,还好是晓龙,id2091274957,歌名：どうして（为什么）,1704813939.0
2024-01-09 23:29:30,还好是晓龙,id1378548321,歌名：ふわふわ時間/轻飘飘时间/滑滑蛋,1704814160.0
2024-01-09 23:33:28,还好是晓龙,id2095064605,歌名：どうして (feat. 野田愛実),1704814396.0
2024-01-10 21:48:41,靑-禾,id1962695870,歌名：奢香夫人,1704894513.0
2024-01-10 22:08:55,靑-禾,id2109572416,歌名：人间烟火,1704895726.0
2024-01-10 22:09:11,靑-禾,id1904999720,歌名：秒针 - 李克勤/王赫野 (DJ版),1704895739.0
2024-01-10 22:09:23,靑-禾,id2096354343,歌名：稻香,1704895754.0
2024-01-11 02:07:53,福苑寶寶,id259340,歌名：等到今夜,1704910064.0
2024-01-11 05:18:29,福苑寶寶,id2089854644,歌名：我等到了你的微笑,1704921499.0
2024-01-11 05:19:06,福苑寶寶,id1990110599,歌名：日喀则风景,1704921537.0
2024-01-11 05:19:51,福苑寶寶,id353648,歌名：潇洒走一回,1704921582.0
2024-01-11 05:21:15,福苑寶寶,id190911,歌名：别问我是谁,1704921667.0
2024-01-11 12:39:57,Aero董事长,id2099035442,歌名：离别开出花（抖音DJ版）,1704947989.0
2024-01-11 12:46:08,Aero董事长,id2113826906,歌名：离别开出花(单唱版)- 就是南方凯,1704948357.0
2024-01-11 14:20:59,福苑寶寶,id2114737299,歌名：我会等,1704954051.0
2024-01-11 14:21:17,福苑寶寶,id527148946,歌名：我,1704954069.0
2024-01-11 14:29:20,福苑寶寶,id1959174647,歌名：山海（翻自：王心凌&谭维维）,1704954551.0
2024-01-11 15:29:38,福苑寶寶,id1902199032,歌名：想谈恋爱这件事（《绝对演绎》程廷羽个人EP）,1704958167.0
2024-01-11 15:30:07,福苑寶寶,id27867506,歌名：绝 (Live),1704958198.0
2024-01-11 15:31:13,福苑寶寶,id1957220649,歌名：关心妍-关心妍 - 放生(Dj啊邝 Remix粤语女)（Dj啊邝 remix）,1704958262.0
2024-01-11 17:10:56,心染斜晖,id1874670442,歌名：吴哥窟（万人合唱版）,1704964247.0
2024-01-12 05:08:37,一起扬帆远航_,id2035519251,歌名：耍把戏,1705007308.0
2024-01-12 14:34:29,kavencat,id418603574,歌名：横須賀海洋高校校歌 (ブラスバンド Ver.),1705041259.0
2024-01-12 14:35:40,kavencat,id412327884,歌名：High Free Spirits（TV动画《高校舰队》片头曲）,1705041329.0
2024-01-12 14:36:26,kavencat,id445844010,歌名：C・H・A・T・T・Y,1705041377.0
2024-01-12 21:20:21,聆汐之人,id1462828501,歌名：贝加尔湖畔,1705065612.0
2024-01-12 22:36:15,靑-禾,id1440075572,歌名：消愁【女声版】,1705070166.0
2024-01-12 23:30:31,VanGoe111,id1866339678,歌名：做我老婆好不好（原版）,1705073422.0
2024-01-12 23:31:22,VanGoe111,id21973983,歌名：Lose My Way,1705073474.0
2024-01-12 23:32:53,VanGoe111,id2000381771,歌名：Close Eyes †,1705073564.0
2024-01-12 23:52:42,VanGoe111,id2112259186,歌名：Plague Doctor,1705074753.0
2024-01-12 23:55:45,VanGoe111,id2089986530,歌名：Glichery-SEA Of PROBLEMS X SO TIRED(remix),1705074934.0
2024-01-13 00:01:18,VanGoe111,id2061904445,歌名：Sea of Tranquility,1705075268.0
2024-01-13 08:24:12,福苑寶寶,id2085408531,歌名：妈妈我想回家,1705105443.0
2024-01-15 03:50:21,是魔法师呀,id755017,歌名：Imaginary affair（ゲーム「こなたより かなたまで」OPテーマ）,1705261810.0
2024-01-15 03:54:35,是魔法师呀,id2055286704,歌名：flos(Cover),1705262065.0
2024-01-15 18:02:05,福苑寶寶,id1820947760,歌名：My Heart Will Go On,1705312914.0
2024-01-15 19:16:11,东演析木-西薄青徐,id33872921,歌名：川流不息（动画版《三国演义》片尾曲）,1705317361.0
2024-01-16 12:00:14,杂七杂八-工作室,id1343512422,歌名：哪吒 (Live),1705377605.0
2024-01-16 12:00:52,杂七杂八-工作室,id1985939721,歌名：惊鹊【斗龙战士】,1705377643.0
2024-01-16 12:02:47,杂七杂八-工作室,id2047284042,歌名：アイドル,1705377758.0
2024-01-16 12:10:25,杂七杂八-工作室,id1823648000,歌名：MOM（查理九世版）,1705378216.0
2024-01-16 13:29:30,福苑寶寶,id1818352170,歌名：I CAN'T STOP ME（翻自 TWICE）,1705382959.0
2024-01-16 13:29:59,福苑寶寶,id105118,歌名：飞女正传,1705382990.0
2024-01-16 13:30:32,福苑寶寶,id549935227,歌名：烈女（翻自 杨千嬅）,1705383024.0
2024-01-16 13:30:58,福苑寶寶,id1305459957,歌名：处处吻,1705383050.0
2024-01-16 14:36:22,福苑寶寶,id306709,歌名：倾城,1705386974.0
2024-01-16 14:37:06,福苑寶寶,id2105365201,歌名：白头若是雪可替,1705387016.0
2024-01-16 14:39:05,福苑寶寶,id329985,歌名：萨拉热窝的罗密欧与朱丽叶(Live),1705387135.0
2024-01-16 14:39:54,福苑寶寶,id127774,歌名：终身美丽,1705387185.0
2024-01-16 14:44:36,福苑寶寶,id32408691,歌名：齐天 (Cover : 大冢爱),1705387466.0
2024-01-16 14:45:10,福苑寶寶,id16152904,歌名：Hunter,1705387501.0
2024-01-16 15:06:41,福苑寶寶,id416552318,歌名：味道,1705388792.0
2024-01-17 09:21:57,福苑寶寶,id1427226787,歌名：舞娘,1705454508.0
2024-01-17 09:22:27,福苑寶寶,id1961507540,歌名：对你爱不完,1705454539.0
2024-01-17 09:23:11,福苑寶寶,id28302132,歌名：祈求可以共你活一天 (雪狼湖版),1705454580.0
2024-01-17 11:09:47,东演析木-西薄青徐,id521850676,歌名：1998法国世界杯主题曲<生命之杯>（钢琴改编版）La Copa De La Vida（The Cup of Life）,1705460974.0
2024-01-17 11:28:53,东演析木-西薄青徐,id1828779206,歌名：千秋梦,1705462125.0
2024-01-17 11:38:36,一张otherside,id464377736,歌名：Loch Lomond,1705462707.0
2024-01-18 04:44:03,粉毛阔爱,id1354461142,歌名：TiamaT:F minor -Zeit Ende-,1705524233.0
2024-01-18 12:50:49,喜wawa,id2098804403,歌名：悬溺+空心,1705553440.0
2024-01-18 17:28:39,福苑寶寶,id31234183,歌名：Shall We Talk(Live),1705570108.0
2024-01-18 17:29:47,福苑寶寶,id1953811666,歌名：南山南到安河桥北（翻自陶玖）,1705570177.0
2024-01-18 17:30:27,福苑寶寶,id33579659,歌名：女人花,1705570219.0
2024-01-18 17:31:00,福苑寶寶,id32451018,歌名：分分钟需要你(粤语版)（电影《百星酒店》主题曲）,1705570249.0
2024-01-18 17:35:53,福苑寶寶,id29829667,歌名：痛爱(Live),1705570544.0
2024-01-18 18:19:29,福苑寶寶,id1933314063,歌名：心之科学,1705573160.0
2024-01-18 18:20:09,福苑寶寶,id2112485328,歌名：Dehors（1.2）,1705573200.0
2024-01-18 18:20:29,福苑寶寶,id254945,歌名：灰姑娘,1705573221.0
2024-01-18 18:50:33,福苑寶寶,id26884702,歌名：Do The 45 (Album Version),1705575023.0
2024-01-18 19:25:04,福苑寶寶,id2040685454,歌名：数风流,1705577094.0
2024-01-19 14:44:55,晩倾心,id368800,歌名：越长大越孤单,1705646686.0
2024-01-19 14:53:52,晩倾心,id1420431685,歌名：爱的回归线(电视剧《爱情公寓3》插曲）（翻自 陈韵若）,1705647222.0
2024-01-20 03:28:41,福苑寶寶,id1470129356,歌名：Anh không làm gì đâu anh thề (KAIZ Remix)（我发誓什么都不做）,1705692506.0
2024-01-20 03:39:24,福苑寶寶,id415793340,歌名：Faster Than Light,1705693154.0
2024-01-20 03:40:03,福苑寶寶,id5282403,歌名：大丈夫+真的汉子+男儿当自强,1705693195.0
2024-01-20 03:51:16,福苑寶寶,id1473125062,歌名：情人,1705693868.0
2024-01-20 03:55:43,福苑寶寶,id26657845,歌名：Everybody,1705694135.0
2024-01-20 03:56:09,福苑寶寶,id1360194869,歌名：大碗宽面,1705694159.0
2024-01-20 04:06:24,福苑寶寶,id282656,歌名：爱过痛过亦愿等(伴奏),1705694775.0
2024-01-20 05:27:18,福苑寶寶,id519030150,歌名：孙燕姿 - 逆光 （Cai Remix)（Cai remix）,1705699627.0
2024-01-20 05:27:34,福苑寶寶,id5271030,歌名：绿光,1705699646.0
2024-01-20 05:27:57,福苑寶寶,id2040551128,歌名：如愿,1705699669.0
2024-01-20 05:28:42,福苑寶寶,id1841580478,歌名：笑忘书,1705699714.0
2024-01-20 05:31:55,福苑寶寶,id519061704,歌名：体面,1705699907.0
2024-01-20 05:56:48,福苑寶寶,id1388608541,歌名：体面 (Live),1705701400.0
2024-01-20 06:37:00,blli1919810,id1930832175,歌名：BIG SHOT（大人物）,1705703811.0
2024-01-20 06:42:22,新-人类,id1337325783,歌名：走在冷风中,1705704134.0
2024-01-20 06:50:39,新-人类,id192267,歌名：闪亮的日子,1705704631.0
2024-01-20 06:58:40,新-人类,id1381731851,歌名：super man /Dad,1705705111.0
2024-01-20 06:59:23,新-人类,id26523068,歌名：爸爸的草鞋,1705705155.0
2024-01-20 06:59:59,新-人类,id245625,歌名：爱啦啦,1705705190.0
2024-01-20 07:03:32,新-人类,id1336778074,歌名：沙漠骆驼,1705705404.0
2024-01-20 07:03:58,新-人类,id1455831212,歌名：青春,1705705430.0
2024-01-20 07:04:48,新-人类,id1948704619,歌名：一个人走,1705705479.0
2024-01-20 07:06:10,新-人类,id1938231801,歌名：一颗滚石,1705705560.0
2024-01-20 07:08:23,心冷勍散,id2113828843,歌名：西楼儿女XLEN（小岳岳）,1705705695.0
2024-01-20 07:30:49,新-人类,id429461613,歌名：一切都是因为你,1705707040.0
2024-01-20 07:31:04,新-人类,id516819090,歌名：农夫渔夫（电影《兄弟，别闹！》插曲）,1705707053.0
2024-01-20 07:44:43,新-人类,id28018221,歌名：ワンダーランド（游乐园）,1705707875.0
2024-01-20 07:46:57,新-人类,id35845459,歌名：我的格桑花,1705708008.0
2024-01-20 10:43:54,bili_13894825348,id2117495160,歌名：黑色毛衣,1705718626.0
2024-01-20 10:58:33,垂柳凌风,id2093349201,歌名：花の塔,1705719502.0
2024-01-20 14:35:03,新-人类,id194700,歌名：爸爸的草鞋,1705732494.0
2024-01-20 15:04:28,新-人类,id1369061164,歌名：少年英雄小哪吒,1705734260.0
2024-01-20 15:09:04,新-人类,id1860856538,歌名：我是中国的孩子,1705734535.0
2024-01-20 15:09:13,新-人类,id1860856538,歌名：我是中国的孩子,1705734543.0
2024-01-20 15:24:32,新-人类,id25731646,歌名：愿得一人心,1705735464.0
2024-01-20 15:24:59,新-人类,id504450897,歌名：相见恨晚（Cover 彭佳慧）,1705735491.0
2024-01-20 15:25:35,新-人类,id191134,歌名：着魔（网游《恶魔法则》主题曲）,1705735527.0
2024-01-20 15:29:15,新-人类,id5280399,歌名：红梅花儿开,1705735747.0
2024-01-20 21:38:37,福苑寶寶,id2037480409,歌名：可能,1705757908.0
2024-01-20 21:40:51,福苑寶寶,id192265,歌名：味道,1705758043.0
2024-01-20 21:42:51,福苑寶寶,id5276990,歌名：订做一个天堂,1705758163.0
2024-01-20 21:43:18,福苑寶寶,id439665628,歌名：慢慢看着你,1705758189.0
2024-01-20 23:15:26,新-人类,id276217,歌名：似水流年(Live)（电影《似水流年》主题曲）,1705763716.0
2024-01-20 23:25:14,新-人类,id5280751,歌名：梦,1705764305.0
2024-01-21 03:16:05,福苑寶寶,id28892231,歌名：无法原谅（电视剧《回家的诱惑》主题曲）,1705778153.0
2024-01-21 03:50:44,福苑寶寶,id28465299,歌名：留痕(《鉴证实录》主题曲),1705780236.0
2024-01-21 12:47:30,福苑寶寶,id2032834945,歌名：可能（DJ抖音版）,1705812442.0
2024-01-21 12:47:57,福苑寶寶,id1311346376,歌名：Let It Be,1705812468.0
2024-01-21 14:56:14,必须一边奔跑一边吐血,id1379865170,歌名：起风了,1705820165.0
2024-01-22 00:32:03,福苑寶寶,id5271856,歌名：神话·情话（ 电视剧《神雕侠侣》主题曲）,1705854713.0
2024-01-22 00:41:59,新-人类,id5274170,歌名：明日天涯(国)(Live),1705855311.0
2024-01-22 00:55:38,新-人类,id27906145,歌名：哪有一天不想你,1705856130.0
2024-01-22 00:56:21,福苑寶寶,id2082720787,歌名：《爱火花》喝酒版《爱酒吗》,1705856170.0
2024-01-22 01:10:27,新-人类,id1916169081,歌名：自作多情,1705857017.0
2024-01-22 01:10:47,新-人类,id1485411621,歌名：当年情,1705857039.0
2024-01-22 01:12:03,新-人类,id28785689,歌名：莫让红颜守空尘（电视剧《雪山飞狐》片尾曲）,1705857113.0
2024-01-22 01:12:45,新-人类,id1833334953,歌名：我的格桑花,1705857156.0
2024-01-22 01:14:05,新-人类,id5255895,歌名：牧人之歌,1705857235.0
2024-01-22 01:14:13,新-人类,id433059773,歌名：李德红~大头皮鞋,1705857245.0
2024-01-22 01:27:44,福苑寶寶,id599055,歌名：最愛,1705858056.0
2024-01-22 01:28:05,福苑寶寶,id1822695934,歌名：痴心换情深,1705858077.0
2024-01-22 02:41:06,福苑寶寶,id1379931816,歌名：等你,1705862458.0
2024-01-22 02:42:39,福苑寶寶,id1834949783,歌名：爱,1705862550.0
2024-01-22 04:22:50,福苑寶寶,id5266300,歌名：献给爱丽丝（选自月光奏鸣曲HRP7119-2）,1705868560.0
2024-01-22 04:24:10,福苑寶寶,id330119,歌名：默契(珍藏版)（电影《百份百感觉2》主题曲）,1705868639.0
2024-01-22 09:07:36,新-人类,id167566,歌名：潮起潮落 是什么都不为,1705885648.0
2024-01-22 11:19:16,晩倾心,id2118760429,歌名：逃离1987,1705893548.0
2024-01-22 17:06:00,福苑寶寶,id1297073682,歌名：某人,1705914351.0
2024-01-22 18:34:14,新-人类,id1956927131,歌名：凤凰传奇-全是爱DJ版,1705919646.0
2024-01-22 18:36:46,新-人类,id28167321,歌名：情人 (Live),1705919797.0
2024-01-22 18:52:06,新-人类,id503202169,歌名：一瞬间,1705920717.0
2024-01-22 18:55:51,新-人类,id1951253278,歌名：相思赋予谁（戏腔版）,1705920942.0
2024-01-22 22:45:51,懷身的愛麗絲,id783014,歌名：LILIUM（TV动画《妖精的旋律》片头曲）,1705934741.0
2024-01-23 09:57:05,新-人类,id5242653,歌名：明日天涯 (慢四步),1705975016.0
2024-01-23 10:22:38,东演析木-西薄青徐,id554117740,歌名：Die Internationale (Wacht auf, Verdammte dieser Erde)（国际歌）,1705976546.0
2024-01-23 10:25:00,东演析木-西薄青徐,id30039884,歌名：around the world,1705976690.0
2024-01-23 13:10:44,福苑寶寶,id192316,歌名：天梯(Live),1705986636.0
2024-01-23 13:12:39,福苑寶寶,id2111018925,歌名：十日终焉（《十日终焉》同名纪念曲）,1705986749.0
2024-01-23 13:12:56,福苑寶寶,id545705,歌名：大事件!,1705986767.0
2024-01-23 13:13:27,福苑寶寶,id28732269,歌名：地下铁,1705986798.0
2024-01-23 13:14:20,福苑寶寶,id28256174,歌名：我太强,1705986851.0
2024-01-23 13:15:13,福苑寶寶,id1334717237,歌名：周华健-神话情话（DJ小可 remix）,1705986902.0
2024-01-23 14:22:42,Cttt,id188446,歌名：只是太爱你,1705990954.0
2024-01-23 14:23:28,Cttt,id1993165429,歌名：只是太爱你,1705991000.0
2024-01-23 19:47:38,寒霜之林,id1397089890,歌名：长安幻世绘,1706010450.0
2024-01-26 01:17:08,福***,id28497737,歌名：三寸天堂（电视剧《步步惊情》片尾曲）,1706203018.0
2024-01-26 01:29:19,福***,id1408208984,歌名：Let It Go,1706203751.0
2024-01-26 01:31:32,福***,id1874483864,歌名：情人知己,1706203882.0
2024-01-26 01:32:15,福***,id1332689045,歌名：我爱洗澡,1706203926.0
2024-01-26 01:34:07,福***,id1440345770,歌名：恋人未满,1706204038.0
2024-01-26 01:34:23,福***,id399354367,歌名：Super Star(Live),1706204053.0
2024-01-26 01:36:18,福***,id28196429,歌名：算你狠,1706204170.0
2024-01-26 02:02:12,福***,id1976738845,歌名：甘心替代你-热门原声,1706205723.0
2024-01-26 02:03:06,福***,id29393545,歌名：长恨歌第一章,1706205778.0
2024-01-26 02:03:39,福***,id283909,歌名：情深如我,1706205810.0
2024-01-26 03:53:18,福***,id1309650379,歌名：七友,1706212390.0
2024-01-26 03:53:45,福***,id5268106,歌名：越吻越伤心,1706212417.0
2024-01-26 03:54:05,福***,id1993831896,歌名：送别（长亭外）-口琴,1706212436.0
2024-01-26 03:56:46,福***,id110687,歌名：七友,1706212597.0
2024-01-26 04:07:25,福***,id330637,歌名：留给最爱的说话(告别浪漫Mix),1706213234.0
2024-01-26 04:07:43,福***,id34144605,歌名：光阴（电视剧《别叫我兄弟》片头曲）,1706213253.0
2024-01-26 04:33:58,福***,id2035847581,歌名：沿途有你,1706214828.0
2024-01-26 04:34:17,福***,id2088579735,歌名：7-12,1706214848.0
2024-01-26 04:40:45,福***,id5276192,歌名：甲乙丙丁 (Live),1706215237.0
2024-01-26 04:41:17,福***,id36190589,歌名：第二最爱 (Live),1706215269.0
2024-01-26 17:21:32,福***,id109306,歌名：一支烟的时间(Live),1706260882.0
2024-01-26 21:17:38,福***,id5413443,歌名：오나라 I（呼唤）,1706275050.0
2024-01-26 21:18:28,福***,id1398358503,歌名：爱在记忆中找你,1706275099.0
2024-01-26 21:19:24,福***,id1959190717,歌名：红色高跟鞋(0.88x),1706275155.0
2024-01-26 21:20:26,福***,id4872523,歌名：祝君好,1706275218.0
2024-01-26 21:20:52,福***,id1908030010,歌名：十指紧扣,1706275242.0
2024-01-26 21:57:42,福***,id213597,歌名：不配相拥（韩剧《大长今》插曲）,1706277453.0
2024-01-26 21:58:19,福***,id445546304,歌名：CAGNET-Here we are again《悠长假期》版本插曲-REMIX（方便便 Remix）,1706277486.0
2024-01-26 21:58:42,福***,id486806,歌名：ラブ・ストーリーは突然に（突如其来的爱情）,1706277512.0
2024-01-26 21:59:20,福***,id395855,歌名：害羞的男孩,1706277551.0
2024-01-26 22:00:42,福***,id2078874305,歌名：焦小飞-天若有情(立体环绕DJ新版)（焦小飞 remix）,1706277631.0
2024-01-26 22:03:15,福***,id1961359659,歌名：热带雨林,1706277786.0
2024-01-26 22:03:43,福***,id1967413195,歌名：鸡勒比海盗,1706277815.0
2024-01-26 22:04:16,福***,id2111145769,歌名：隆里电丝(Lonely Dance),1706277845.0
2024-01-26 23:14:33,福***,id2022215200,歌名：陈瑞-白狐DJ（Club Rmx 车载版）,1706282062.0
2024-01-26 23:16:27,福***,id1963751298,歌名：鸡 克 逊 （会过去的 remix）,1706282176.0
2024-01-26 23:43:59,福***,id413830463,歌名：乱尘戏（Cover 安靖羽 / 想想）,1706283828.0
2024-01-26 23:44:15,福***,id669303,歌名：ありがとうあなた（谢谢我的爱人）,1706283845.0
2024-01-26 23:44:39,福***,id115053,歌名：我的感觉是场梦（无线电视剧《都市的童话》插曲）,1706283867.0
2024-01-27 00:44:08,福***,id1432259747,歌名：下一站天后,1706287439.0
2024-01-27 00:44:29,福***,id34200903,歌名：风筝与风 (Instrumental)（原唱: Twins）,1706287458.0
2024-01-27 00:47:02,福***,id1396542666,歌名：死性不改,1706287614.0
2024-01-27 01:30:42,H***,id1911031310,歌名：云朵 - 我的楼兰,1706290233.0
2024-01-27 01:33:21,H***,id1944535899,歌名：都是你的错（DJ版）,1706290392.0
2024-01-27 04:12:53,J***,id2105710927,歌名：MVP,1706299965.0
2024-01-27 04:14:22,J***,id2012593563,歌名：Maxwell The Cat Theme (SAMString Remix),1706300052.0
2024-01-27 09:23:52,新***,id192164,歌名：明日天涯,1706318623.0
2024-01-27 22:31:14,福***,id451126390,歌名：年轮,1706365865.0
2024-01-27 22:36:28,福***,id1933703326,歌名：揉揉酱演奏-Ayasa绚沙《我爱你》,1706366177.0
2024-01-27 22:36:45,福***,id1431808890,歌名：对不起 我爱你（原唱：1983组合）,1706366194.0
2024-01-27 22:37:17,福***,id467390078,歌名：新健康歌,1706366229.0
2024-01-27 22:38:33,福***,id5271858,歌名：难念的经（1997年TVB版电视剧《天龙八部》片头曲）,1706366303.0
2024-01-27 22:47:42,福***,id1413162776,歌名：伤心的人别听慢歌,1706366853.0
2024-01-27 23:02:44,福***,id566379283,歌名：她来听我演唱会,1706367755.0
2024-01-27 23:03:28,福***,id28310329,歌名：傻痴痴,1706367799.0
2024-01-27 23:36:11,铜***,id2056284313,歌名：顶楼,1706369763.0
2024-01-28 00:25:46,纪***,id2098494293,歌名：多幸运 DjRichz&DJ铁柱（桃花版）,1706372736.0
2024-01-28 00:26:19,纪***,id1906746890,歌名：问风（完整版）,1706372770.0
2024-01-28 00:26:28,纪***,id1356309989,歌名：安和桥（女生温柔版）（翻自 宋冬野）,1706372778.0
2024-01-28 08:17:12,福***,id1883339933,歌名：黄种人 (戏韵版 live),1706401023.0
2024-01-28 08:17:34,福***,id2113896681,歌名：失眠梦境（Feat.X.M.G）,1706401043.0
2024-01-28 08:17:52,福***,id1438447710,歌名：伤心太平洋,1706401064.0
2024-01-28 08:45:02,福***,id1819963069,歌名：你（电视剧《孝庄秘史》主题曲）（翻自 屠洪刚）,1706402692.0
2024-01-28 08:45:28,福***,id144156,歌名：对面的女孩看过来,1706402720.0
2024-01-28 08:45:49,福***,id175863,歌名：痕迹,1706402741.0
2024-01-28 08:51:30,福***,id1806353969,歌名：大鱼,1706403081.0
2024-01-28 08:51:42,福***,id40257332,歌名：浪花一朵朵,1706403093.0
2024-01-28 08:52:08,福***,id1416028776,歌名：和月挽剑花,1706403119.0
2024-01-28 08:52:29,福***,id28306416,歌名：明天我要嫁给你,1706403140.0
2024-01-28 18:32:22,茅***,id454435808,歌名：半面妆（“斗战神”第3章 “再见！白骨夫人”片尾曲）,1706437932.0
2024-01-28 20:55:11,福***,id1411197518,歌名：说爱你（原唱 蔡依林）,1706446503.0
2024-01-28 20:55:39,福***,id2056948888,歌名：化粧直し,1706446529.0
2024-01-28 20:56:07,福***,id263129,歌名：Fade Out,1706446558.0
2024-01-28 20:58:12,福***,id2017208816,歌名：童话镇（女声版）,1706446684.0
2024-01-28 20:58:41,福***,id1459232686,歌名：童话,1706446712.0
2024-01-28 23:08:31,福***,id4873178,歌名：野玫瑰,1706454503.0
2024-01-28 23:08:45,福***,id5278493,歌名：浪人情歌(Live),1706454516.0
2024-01-28 23:08:57,福***,id1956540807,歌名：同桌的你（毕业季合唱版）,1706454528.0
2024-01-28 23:09:16,福***,id5268202,歌名：玉蝴蝶,1706454547.0
2024-01-28 23:09:34,福***,id2108553289,歌名：七里香 (MV版),1706454565.0
2024-01-28 23:09:55,福***,id2100371633,歌名：一只小猫,1706454586.0
2024-01-28 23:11:21,福***,id5268108,歌名：傻女,1706454673.0
2024-01-28 23:12:01,福***,id1917374139,歌名：给我乖,1706454712.0
2024-01-28 23:14:34,福***,id5283646,歌名：男孩不哭,1706454864.0
2024-01-28 23:14:51,福***,id1346889945,歌名：你要的爱 钢琴,1706454883.0
2024-01-28 23:15:08,福***,id1366467704,歌名：玫瑰,1706454900.0
2024-01-28 23:43:40,福***,id1441110013,歌名：夜机,1706456612.0
2024-01-28 23:43:48,福***,id2025525491,歌名：爱与痛,1706456620.0
2024-01-28 23:51:05,福***,id223788,歌名：我们的故事,1706457056.0
2024-01-28 23:51:45,福***,id223790,歌名：逛街,1706457096.0
2024-01-28 23:52:27,福***,id28308416,歌名：最后一次,1706457138.0
2024-01-29 00:17:02,西***,id2088812683,歌名：登神(GODS),1706458613.0
2024-01-29 00:20:55,西***,id26357990,歌名：Let Go,1706458847.0
2024-01-29 00:21:45,福***,id1293905297,歌名：Evita (Live),1706458895.0
2024-01-29 01:47:58,福***,id285742,歌名：不拖不欠,1706464070.0
2024-01-29 01:58:02,福***,id2060072881,歌名：萤光粉红,1706464672.0
2024-01-29 01:58:25,福***,id518088203,歌名：勝訴 〜最後の大勝利,1706464696.0
2024-01-29 02:19:14,福***,id2070705225,歌名：不舍（《斗罗大陆》动画小舞献祭插曲）Cover：徐佳莹,1706465944.0
2024-01-29 02:19:45,福***,id27867503,歌名：心淡 (Live),1706465976.0
2024-01-29 02:29:25,福***,id295568,歌名：感冒,1706466556.0
2024-01-29 02:35:01,福***,id533687295,歌名：【文心·李贺】长歌确荦（Cover 冬の樱）,1706466890.0
2024-01-29 04:27:35,福***,id29209599,歌名：再见二丁目,1706473647.0
2024-01-29 04:28:02,福***,id159902,歌名：咬唇（电影《新扎师妹II 美丽任务》主题曲）,1706473671.0
2024-01-29 05:03:41,福***,id503661253,歌名：暧昧,1706475812.0
2024-01-29 05:05:10,福***,id65199,歌名：今日,1706475902.0
2024-01-29 05:05:25,福***,id1407595836,歌名：富士山下 (TZ House Live版) (翻自 陈奕迅),1706475915.0
2024-01-29 05:05:35,福***,id285779,歌名：明年今日,1706475927.0
2024-01-29 05:06:04,福***,id1934630654,歌名：十年（女声温柔版）,1706475955.0
2024-01-29 05:06:28,福***,id358462,歌名：十年,1706475980.0
2024-01-29 05:07:01,福***,id28378330,歌名：好时光,1706476013.0
2024-01-29 09:39:41,新***,id1377343348,歌名：次仁拉索,1706492372.0
2024-01-29 09:43:09,新***,id1988320736,歌名：锅庄起舞,1706492581.0
2024-01-29 09:52:45,新***,id2027774657,歌名：松查木,1706493154.0
2024-01-29 10:01:29,新***,id422429745,歌名：南部小城,1706493680.0
2024-01-29 10:09:26,新***,id2053626583,歌名：牛奶祭谣,1706494157.0
2024-01-29 10:16:35,新***,id1501056749,歌名：天高地厚,1706494586.0
2024-01-29 10:17:17,新***,id1831895092,歌名：Pumpkin,1706494629.0
2024-01-29 10:32:48,新***,id1956543086,歌名：Hey Oh（DJA5 remix）,1706495557.0
2024-01-29 10:44:15,新***,id28605004,歌名：米店,1706496246.0
2024-01-29 10:49:26,新***,id93948,歌名：春歌,1706496558.0
2024-01-29 10:53:25,新***,id5255798,歌名：九月(海子),1706496796.0
2024-01-29 10:55:49,新***,id1334717832,歌名：Where is the love,1706496939.0
2024-01-29 12:55:22,默默做功课的金牛,id2417819,歌名：More Than Anything (Stoneface & Terminal Remix),1706504109.0
2024-01-29 19:36:57,新-人类,id2007974995,歌名：净天地神咒,1706528208.0
2024-01-29 19:43:36,新-人类,id2098151723,歌名：HEAVEN (0.8x）,1706528608.0
2024-01-29 19:44:51,新-人类,id2080978723,歌名：承诺算什:答应过的都应承&一生一世一直只爱家宜认&超纯洁无瑕展士：学声乐不都通透明亮圆润通过声音判断,1706528675.0
2024-01-29 19:45:16,新-人类,id29746655,歌名：普門頌(國語),1706528707.0
2024-01-29 20:09:58,新-人类,id1869474281,歌名：董小姐,1706530189.0
2024-01-29 21:01:22,新-人类,id1974479440,歌名：单身情歌-林志炫,1706533273.0
2024-01-29 21:20:23,新-人类,id170721,歌名：喜事齐来（电影《花田囍事》主题曲）,1706534410.0
2024-01-29 21:40:28,新-人类,id502771143,歌名：总有一人只因你而存在（Cover 吴雨霏）,1706535617.0
2024-01-29 22:58:26,hcidnjcisnxj,id484732247,歌名：Kyotovania (Underfell Remix),1706540295.0
2024-01-30 01:20:00,福苑寶寶,id1311929823,歌名：EA7众人齐嗨,1706548791.0
2024-01-30 01:20:14,福苑寶寶,id1986706356,歌名：可能,1706548805.0
2024-01-30 01:33:40,福苑寶寶,id1298504986,歌名：风流故壤（翻自 凋叶棕）,1706549611.0
2024-01-30 01:46:46,锵锵锵贝库塔登场,id1932186568,歌名：悪魔の子（恶魔之子-进击的巨人最终季ED)（恶魔之子）,1706550395.0
2024-01-30 02:55:42,福苑寶寶,id2003689071,歌名：她来听我的演唱会 伴奏（唯美钢琴）,1706554532.0
2024-01-30 02:56:09,福苑寶寶,id2116142132,歌名：每当我（原版）（抖音热播）,1706554560.0
2024-01-30 04:32:21,福苑寶寶,id5240868,歌名：吻得太逼真/酷爱(Live),1706560333.0
2024-01-30 04:33:21,福苑寶寶,id26562994,歌名：明天我要嫁给你,1706560392.0
2024-01-30 04:34:08,福苑寶寶,id1853710805,歌名：相依为命 (Live),1706560440.0
2024-01-30 04:51:56,福苑寶寶,id191578,歌名：时间人物地点,1706561505.0
2024-01-30 04:52:14,福苑寶寶,id1368631025,歌名：人若然忘记了爱,1706561524.0
2024-01-30 04:52:33,福苑寶寶,id1416335187,歌名：RU 鄭秀文金曲串燒,1706561544.0
2024-01-30 05:28:13,福苑寶寶,id27867511,歌名：如何掉眼泪 (Live),1706563684.0
2024-01-30 05:30:14,福苑寶寶,id29723040,歌名：如果我有事 (Live),1706563806.0
2024-01-30 05:39:24,福苑寶寶,id2047636802,歌名：煞科,1706564352.0
2024-01-30 05:50:34,福苑寶寶,id2116456102,歌名：我曾经爱上一个人.旋律,1706565024.0
2024-01-30 05:50:54,福苑寶寶,id1461484670,歌名：回来我身边,1706565045.0
2024-01-30 23:22:28,福苑寶寶,id1361232597,歌名：RU 鄭伊健金曲串燒,1706628139.0
2024-01-30 23:23:01,福苑寶寶,id1477257642,歌名：RU 鄭融金曲串燒,1706628172.0
2024-01-30 23:23:18,福苑寶寶,id1395625554,歌名：RU 張國榮金曲串燒,1706628189.0
2024-01-30 23:23:35,福苑寶寶,id1450724280,歌名：RU 灰姑娘,1706628206.0
2024-01-30 23:24:27,福苑寶寶,id5189791,歌名：仍能情深爱上,1706628259.0
2024-01-30 23:24:36,福苑寶寶,id2113044733,歌名：SIMPSON(极速悍匪),1706628267.0
2024-01-30 23:26:30,福苑寶寶,id395770,歌名：吻感,1706628381.0
2024-01-30 23:49:05,福苑寶寶,id2005708456,歌名：志铭,1706629737.0
2024-01-30 23:51:40,福苑寶寶,id285753,歌名：赤子,1706629892.0
2024-01-30 23:52:15,福苑寶寶,id1966879563,歌名：追（电视剧《追鱼传奇》主题曲）,1706629927.0
2024-01-30 23:53:19,福苑寶寶,id187815,歌名：今生今世(Live),1706629991.0
2024-01-31 06:02:50,福苑寶寶,id1896953351,歌名：知道不知道（章若楠版¹）,1706652162.0
2024-01-31 06:03:16,福苑寶寶,id2116998218,歌名：我是小神兽2024,1706652185.0
2024-01-31 12:31:17,bili_47138433920,id31134205,歌名：引擎,1706675468.0
2024-01-31 14:42:23,一张otherside,id28551589,歌名：All My People,1706683334.0
2024-02-01 20:30:01,新-人类,id33911414,歌名：爱的供养 (原版伴奏带),1706790593.0
2024-02-01 20:43:41,W的烤土豆,id1311410728,歌名：Erika（艾莉卡）,1706791412.0
2024-02-02 01:12:15,信息茗茶飲,id5238772,歌名：错错错,1706807526.0
2024-02-02 01:12:46,信息茗茶飲,id5266269,歌名：夜曲,1706807556.0
2024-02-02 01:18:10,信息茗茶飲,id28828560,歌名：About Me,1706807882.0
2024-02-02 01:22:07,信息茗茶飲,id2110451914,歌名：反方向的钟,1706808119.0
2024-02-02 01:27:08,信息茗茶飲,id438803182,歌名：前前前世,1706808419.0
2024-02-02 01:27:26,信息茗茶飲,id1352986217,歌名：烟花盛开（打上火花中文版）,1706808437.0
2024-02-02 01:29:10,信息茗茶飲,id1896444915,歌名：One Last Kiss × Slow Down (Mashup),1706808540.0
2024-02-02 01:33:32,信息茗茶飲,id1819386238,歌名：怪物,1706808804.0
2024-02-02 09:15:36,新-人类,id5265227,歌名：水中花+半梦半醒之间,1706836527.0
2024-02-02 10:11:02,忠诚的小狗6,id2043461690,歌名：Ahead of us,1706839854.0
2024-02-03 00:00:02,福苑寶寶,id1927911597,歌名：乱世巨星(DJ弹鼓版）) （邹某人 remix）,1706889591.0
2024-02-03 00:01:02,福苑寶寶,id1336695574,歌名：叱咤红人（VIII Bootleg）,1706889651.0
2024-02-03 00:02:15,福苑寶寶,id1806067694,歌名：RU 梅艷芳金曲串燒,1706889725.0
2024-02-03 00:04:19,福苑寶寶,id251141,歌名：情非得以,1706889851.0
2024-02-03 00:05:08,福苑寶寶,id2004049725,歌名：完全因你,1706889897.0
2024-02-03 00:05:51,福苑寶寶,id1895207780,歌名：彭羚-让我跟你走（Dj 师爷 原乡鼓 Rmx 2021）（DJ师爷 remix）,1706889940.0
2024-02-03 00:06:39,福苑寶寶,id30569057,歌名：时光倒流20年,1706889991.0
2024-02-03 00:07:22,福苑寶寶,id1968709371,歌名：我有我天地,1706890031.0
2024-02-03 05:05:04,福苑寶寶,id566877980,歌名：任何天气,1706907894.0
2024-02-03 05:05:25,福苑寶寶,id1343977046,歌名：無可奉告 (无可奉告),1706907916.0
2024-02-03 07:13:11,福苑寶寶,id1883357247,歌名：夕阳醉了（峰源萨克斯）,1706915582.0
2024-02-03 07:13:32,福苑寶寶,id30373234,歌名：这么近那么远 (祖儿向你解说),1706915603.0
2024-02-03 07:13:55,福苑寶寶,id317603,歌名：祝福(Live),1706915627.0
2024-02-03 07:14:25,福苑寶寶,id5251472,歌名：滚滚红尘（电影《滚滚红尘》主题曲）,1706915655.0
2024-02-03 07:14:34,福苑寶寶,id2002677232,歌名：追梦赤子心,1706915666.0
2024-02-03 07:15:12,福苑寶寶,id1442061807,歌名：赤子（翻自 叶徳娴）,1706915703.0
2024-02-03 07:16:08,福苑寶寶,id2021863679,歌名：Die For U,1706915759.0
2024-02-03 07:18:05,福苑寶寶,id5253088,歌名：春之颂（故事片《天网恢恢》插曲）,1706915875.0
2024-02-03 07:18:34,福苑寶寶,id1962438244,歌名：戚薇-你是对的人（0.8x）,1706915906.0
2024-02-03 07:18:45,福苑寶寶,id30064729,歌名：遗留,1706915917.0
2024-02-03 07:19:53,福苑寶寶,id1431937825,歌名：爸爸爱你,1706915984.0
2024-02-03 07:20:20,福苑寶寶,id1380355893,歌名：圆谎,1706916010.0
2024-02-03 07:20:29,福苑寶寶,id26176062,歌名：我不是她,1706916020.0
2024-02-03 07:20:53,福苑寶寶,id32685760,歌名：不要让我在流泪,1706916045.0
2024-02-03 07:21:32,福苑寶寶,id1932214652,歌名：或者 (prod by Xouns),1706916080.0
2024-02-03 07:21:43,福苑寶寶,id2000686771,歌名：天不会错 (TV Version)（《法证先锋V》电视剧主题曲）,1706916093.0
2024-02-03 07:22:01,福苑寶寶,id1310990536,歌名：再也不见,1706916113.0
2024-02-03 07:22:20,福苑寶寶,id1989675015,歌名：最好的时光（cover：安溥）,1706916130.0
2024-02-03 07:22:42,福苑寶寶,id1412656408,歌名：不负少年纯歌版,1706916153.0
2024-02-03 07:23:38,福苑寶寶,id1904743677,歌名：追究（插曲版）,1706916209.0
2024-02-03 11:06:06,福苑寶寶,id1317135137,歌名：万里阳光不及你Demo,1706929556.0
2024-02-03 11:06:24,福苑寶寶,id28732642,歌名：难得情真（TVB电视剧《刑事侦缉档案III》主题曲）,1706929573.0
2024-02-03 11:06:37,福苑寶寶,id1990476107,歌名：九州社稷卷,1706929587.0
2024-02-03 11:07:15,福苑寶寶,id1316940273,歌名：明日余烬（明日之后手游末日宣言主题说唱）,1706929625.0
2024-02-03 16:49:07,福苑寶寶,id543987400,歌名：小半 (Live)（原唱：陈粒）,1706950136.0
2024-02-03 20:37:36,新-人类,id422419563,歌名：I Am (就是我),1706963848.0
2024-02-04 00:16:22,tom逊,id467590719,歌名：say you love me,1706976973.0
2024-02-04 00:18:34,tom逊,id5145755,歌名：Casablanca,1706977105.0
2024-02-04 00:22:14,tom逊,id1951457,歌名：Save Me Tonight,1706977325.0
2024-02-04 01:08:12,tom逊,id28880773,歌名：Snow Mountain Hymn,1706980081.0
2024-02-04 09:22:32,新-人类,id31654747,歌名：问,1707009744.0
2024-02-04 10:44:55,新-人类,id1984256128,歌名：溜溜的情歌（DJ弹鼓版）（邹某人 remix）,1707014683.0
2024-02-04 11:04:50,新-人类,id1948305323,歌名：在冬天和奶奶一起晒太阳（吉他弹唱）,1707015878.0
2024-02-05 05:49:44,福苑寶寶,id2062836449,歌名：饿狼传说（DJ版）,1707083375.0
2024-02-05 07:31:05,新-人类,id1988543794,歌名：卓玛,1707089456.0
2024-02-05 11:19:59,福苑寶寶,id108695,歌名：似是故人来（电影《双镯》主题曲）,1707103188.0
2024-02-05 11:20:08,福苑寶寶,id225115,歌名：单身女人,1707103199.0
2024-02-05 11:52:35,福苑寶寶,id29809707,歌名：有心人 (Live),1707105146.0
2024-02-05 12:38:18,福苑寶寶,id2122847587,歌名：RIDE OR DIE（柯南Version）,1707107887.0
2024-02-05 12:38:53,福苑寶寶,id5256492,歌名：海啸,1707107925.0
2024-02-05 15:57:34,樱高轻音部平泽唯,id2097486090,歌名：春日影(MyGO!!!!! ver.)（TV动画「BanG Dream! It's MyGO!!!!!」#7 插曲）,1707119842.0
2024-02-05 16:03:50,樱高轻音部平泽唯,id2078062132,歌名：詩超絆（TV动画《BanG Dream! It's MyGO!!!!!》第十话插入曲）,1707120219.0
2024-02-05 16:14:46,樱高轻音部平泽唯,id2060083093,歌名：栞（TV动画《BanG Dream! It's MyGO!!!!!》片尾曲）,1707120876.0
2024-02-05 20:25:18,新-人类,id1911601268,歌名：锅庄起舞,1707135908.0
2024-02-05 22:53:39,新-人类,id1398451041,歌名：痴心换情深,1707144810.0
2024-02-05 23:31:49,新-人类,id1480350724,歌名：痴心换情深 (DJ版)（原唱：周慧敏）,1707147099.0
2024-02-06 00:56:48,新-人类,id1439409080,歌名：魔鬼中的天使,1707152198.0
2024-02-06 06:26:28,福苑寶寶,id1819986234,歌名：用尽我的一切奔向你(Live),1707171979.0
2024-02-06 06:27:07,福苑寶寶,id25641640,歌名：谁动了我的琴弦 (Live),1707172019.0
2024-02-06 06:29:33,福苑寶寶,id2058761822,歌名：为何又是这样错,1707172163.0
2024-02-06 06:35:43,福苑寶寶,id299625,歌名：暗涌 (Live),1707172534.0
2024-02-06 09:19:50,福苑寶寶,id516571913,歌名：寂寞先生,1707182381.0
2024-02-06 09:21:13,福苑寶寶,id500392422,歌名：ようこそ喫茶紅魔館へ（原曲:上海紅茶館 ～ Chinese Tea）,1707182462.0
2024-02-06 09:21:39,福苑寶寶,id2081187677,歌名：归来吧,1707182489.0
2024-02-06 09:21:54,福苑寶寶,id2084312064,歌名：陈慧娴-跳舞街(DJ版),1707182505.0
2024-02-06 12:20:54,Regressed,id1866481363,歌名：逍遥叹【电视剧《仙剑奇侠传》插曲】（翻自 胡歌）,1707193241.0
2024-02-07 01:32:36,-见树,id19047042,歌名：Somewhere Only We Know,1707240746.0
2024-02-07 09:32:32,-见树,id27170025,歌名：Run,1707269544.0
2024-02-08 04:30:30,福苑寶寶,id2100630469,歌名：错位时空（飓风计划精选集）,1707337822.0
2024-02-08 04:33:28,福苑寶寶,id1457497399,歌名：あなたと私の絶対ルール（你和我的绝对恋爱规则）,1707337998.0
2024-02-08 11:57:05,叶宿夕,id1900162226,歌名：歌唱祖国（童声版）,1707364616.0
2024-02-08 11:57:22,叶宿夕,id1944727785,歌名：友谊地久天长,1707364632.0
2024-02-08 23:55:36,新-人类,id31721542,歌名：倩女幽魂(主题曲),1707407727.0
2024-02-09 06:06:48,新-人类,id1823615433,歌名：别在我离开之前离开（翻自 雷诺儿）,1707429996.0
2024-02-09 06:16:19,新-人类,id26467036,歌名：恭祝大家新年好,1707430571.0
2024-02-09 06:17:17,新-人类,id5258526,歌名：格桑拉,1707430629.0
2024-02-09 06:27:34,新-人类,id5267651,歌名：长调(通俗版),1707431244.0
2024-02-09 06:32:58,新-人类,id1887390570,歌名：阿衣莫,1707431569.0
2024-02-09 06:38:04,新-人类,id2025969194,歌名：加州梦（California dream）,1707431873.0
2024-02-09 06:57:21,新-人类,id395912,歌名：新年快乐,1707433033.0
2024-02-10 12:36:16,吴下阿萌x,id2040037804,歌名：春读,1707539767.0
2024-02-10 12:49:22,新-人类,id2067827369,歌名：take me to your heart（吻别英文版）,1707540552.0
2024-02-11 03:34:42,喜欢梓钰啊,id2121387906,歌名：人间烟火气,1707593672.0
2024-02-11 10:00:58,新-人类,id1479783857,歌名：A Quick Getaway,1707616849.0
2024-02-11 10:03:18,新-人类,id33756219,歌名：La Marseillaise（马赛曲）,1707616988.0
2024-02-11 11:38:12,新-人类,id1889257899,歌名：阿珍爱上了阿强,1707622684.0
2024-02-12 06:23:02,新-人类,id394623,歌名：闪亮的日子+抱着你,1707690173.0
2024-02-12 14:14:14,照老头,id1860324,歌名：Les 2 Capitaines,1707718443.0
2024-02-12 18:56:10,昊酱e6,id1852459005,歌名：barricades（翻自 泽野弘之/Yosh/Gemie/mpi）,1707735360.0
2024-02-13 23:00:52,-见树,id22762279,歌名：Drive,1707836443.0
2024-02-13 23:06:02,-见树,id1355147445,歌名：Let Me Be Sad,1707836754.0
2024-02-13 23:11:48,-见树,id552575620,歌名：It's Not Like You,1707837097.0
2024-02-13 23:19:31,-见树,id16650898,歌名：Blind,1707837563.0
2024-02-15 16:13:48,蛋挞小兔ovo,id2078854296,歌名：YES or YES (live),1707984817.0
2024-02-15 21:29:11,新-人类,id1493498862,歌名：燕无歇（完整版）,1708003742.0
2024-02-15 21:57:55,-见树,id2086196733,歌名：Trust Me Mate,1708005467.0
2024-02-15 22:02:55,-见树,id16805424,歌名：Another Sunny Day,1708005764.0
2024-02-16 13:11:42,福苑寶寶,id185688,歌名：爱我别走,1708060294.0
2024-02-16 15:15:11,霉逝钾,id477913,歌名：ヨスガノソラ メインテーマ -遠い空へ-（动画《缘之空》主题曲 -飞向遥远的天空-）,1708067701.0
2024-02-16 15:17:04,霉逝钾,id1922379483,歌名：めんへらーめん（精神病拉面）,1708067816.0
2024-02-16 18:19:53,-见树,id1376775089,歌名：Vienen a criticarme,1708078780.0
2024-02-16 18:22:00,-见树,id28373989,歌名：Candour,1708078912.0
2024-02-18 13:38:05,福苑寶寶,id27591736,歌名：这一拜（《三国演义》插曲）,1708234677.0
2024-02-18 13:38:52,福苑寶寶,id1360748201,歌名：夜巴黎,1708234724.0
2024-02-18 13:41:25,福苑寶寶,id29723039,歌名：无间道 (Live)（电影《无间道》国语主题曲）,1708234874.0
2024-02-18 16:41:07,福苑寶寶,id452997624,歌名：世界上最伤心的人 (终极版),1708245657.0
2024-02-18 17:45:48,UT铅笔,id27570858,歌名：THE WINNER（OVA「機動戦士ガンダム0083-STARDUST MEMORY-」OP1テーマ）,1708249536.0
2024-02-18 17:46:40,UT铅笔,id4939760,歌名：哀 戦士,1708249592.0
2024-02-18 17:47:37,UT铅笔,id2068421149,歌名：see you again (牧童版),1708249646.0
2024-02-18 18:05:25,UT铅笔,id41644622,歌名：See you again!,1708250716.0
2024-02-18 18:05:53,UT铅笔,id1475005674,歌名：飞翔吧！少年,1708250744.0
2024-02-18 18:06:27,UT铅笔,id2114694558,歌名：Yeh Hua Dam (Aka: Look at the Owl)（看，猫头鹰）,1708250776.0
2024-02-18 18:08:48,UT铅笔,id1997964367,歌名：坤坤错过,1708250920.0
2024-02-18 18:09:18,UT铅笔,id4876693,歌名：出击,1708250949.0
2024-02-18 18:44:41,福苑寶寶,id1959303514,歌名：人鱼的眼泪（0.8x）,1708253072.0
2024-02-18 18:45:18,福苑寶寶,id230095,歌名：眼泪,1708253109.0
2024-02-18 18:46:49,福苑寶寶,id95447,歌名：李香兰,1708253201.0
2024-02-18 18:47:21,福苑寶寶,id1914326769,歌名：月半小夜曲-陈乐基（抖音完整版）,1708253230.0
2024-02-18 18:48:12,福苑寶寶,id1947950539,歌名：开不了口,1708253284.0
2024-02-20 00:39:36,新-人类,id1338211431,歌名：后来,1708360768.0
2024-02-23 15:33:20,长孙-无忧,id1433075058,歌名：惊涛落日（Official Vers.）,1708673590.0
2024-02-23 15:36:34,长孙-无忧,id451520339,歌名：STORMBRINGER,1708673785.0
2024-02-23 23:15:30,阿龙6个6,id1912830753,歌名：漠河舞曲 remix,1708701319.0
2024-02-23 23:15:51,阿龙6个6,id1922220721,歌名：漠河舞厅 （烟嗓女生版）,1708701343.0
2024-02-23 23:17:06,阿龙6个6,id1895661317,歌名：漠河舞厅,1708701417.0
2024-02-23 23:34:07,-见树,id16505939,歌名：Sweet and Low (New Album Version),1708702436.0
2024-02-23 23:37:30,-见树,id3879709,歌名：Last Mistake,1708702639.0
2024-02-24 01:44:17,新-人类,id2011305717,歌名：阿珍爱上了阿强 (老鼠mm) (DJ版),1708710247.0
2024-02-24 01:44:28,新-人类,id2011305717,歌名：阿珍爱上了阿强 (老鼠mm) (DJ版),1708710258.0
2024-02-24 01:51:41,新-人类,id1921503272,歌名：三寸天堂 （电视剧《步步惊心》片尾曲）,1708710691.0
2024-02-24 12:19:54,嘟嘟飞゜,id1839751216,歌名：夏日漱石,1708748386.0
2024-02-24 20:10:38,新-人类,id1880593440,歌名：One Day(马来西亚雷鬼乐队),1708776627.0
2024-02-24 20:11:44,新-人类,id33340129,歌名：星,1708776689.0
2024-02-24 22:58:44,-见树,id1974842218,歌名：painkiller,1708786716.0
2024-02-24 23:06:30,-见树,id19704128,歌名：Bullets,1708787180.0
2024-02-24 23:47:07,潇沐清风,id2079174119,歌名：罗生门(cover-Wiz_H张子豪),1708789616.0
2024-02-25 13:01:23,-见树,id18650771,歌名：This Old Guitar (Live 1995),1708837271.0
2024-02-25 13:04:43,-见树,id2114288709,歌名：Black Friday (Mahogany Session),1708837472.0
2024-02-27 04:59:36,帮你找资源,id1837995455,歌名：水手,1708981165.0
2024-02-27 10:26:12,新-人类,id5237408,歌名：别在我离开之前离开,1709000764.0
2024-02-28 02:28:08,漠Moo,id28768571,歌名：Super Daddy,1709058480.0
2024-02-28 04:46:12,谷歌售后中心,id2082814952,歌名：雨后,1709066763.0
2024-02-29 06:45:48,新-人类,id123262,歌名：白色恋曲,1709160339.0
2024-03-01 00:04:37,很多很多云的街,id156631,歌名：是否我真的一无所有（电影《飚城》主题曲）,1709222666.0
2024-03-05 17:58:01,Controlpanel-周,id2127807114,歌名：Dubidubidu (Chipi Chipi Chapa Chapa),1709632671.0
2024-03-05 18:00:58,Controlpanel-周,id1718160,歌名：Halls,1709632849.0
2024-03-06 02:20:24,福苑寶寶,id1951243196,歌名：明年今日,1709662815.0
2024-03-06 03:04:16,福苑寶寶,id316622,歌名：坚强女人心（电视剧《武十郎》主题曲）,1709665446.0
2024-03-06 03:04:25,福苑寶寶,id1437859227,歌名：安妮,1709665456.0
2024-03-06 03:20:05,福苑寶寶,id558226302,歌名：花海,1709666396.0
2024-03-06 22:14:47,Dasniebelungen,id443716992,歌名：四分钟带你走完九九八十一难,1709734479.0
2024-03-06 22:22:52,Dasniebelungen,id2130187212,歌名：神奇阿呦,1709734964.0
2024-03-07 02:18:08,-见树,id1983414905,歌名：Knots,1709749080.0
2024-03-07 02:22:01,-见树,id21973370,歌名：Walking Down The Hill,1709749307.0
2024-03-07 02:24:43,-见树,id1477674,歌名：This Old Guitar,1709749474.0
2024-03-08 06:45:56,新-人类,id1930289487,歌名：格桑拉（抖音热门BGM),1709851547.0
2024-03-08 09:33:27,Dasniebelungen,id2127020278,歌名：啊呦啊呦（爱吃甜甜的糖葫芦）热搜版,1709861597.0
2024-03-08 09:35:59,Dasniebelungen,id29562241,歌名：心中想的还是他（动画片《虹猫蓝兔七侠传》片尾曲）,1709861749.0
2024-03-08 09:39:17,Dasniebelungen,id27907987,歌名：梦在燃烧（动画片《三国演义》主题曲）,1709861947.0
2024-03-08 09:39:42,Dasniebelungen,id2106767593,歌名：【芙宁娜】夜航星,1709861974.0
2024-03-08 09:42:51,Dasniebelungen,id215059,歌名：绿色的旋律(Live),1709862162.0
2024-03-08 09:51:16,Dasniebelungen,id1448554264,歌名：夜航星（翻自 不才）,1709862668.0
2024-03-08 09:55:32,Dasniebelungen,id1403959726,歌名：青春之火（改编）（《火力少年王》电视剧主题曲）（翻自 潘松和）,1709862921.0
2024-03-08 10:01:48,Dasniebelungen,id522041215,歌名：再飞行（Cover 逃跑计划）,1709863300.0
2024-03-08 10:03:28,Dasniebelungen,id1362752160,歌名：【月光】古筝（纯筝）秦时明月（翻自 胡彦斌）,1709863398.0
2024-03-08 11:30:34,照老头,id3413895,歌名：Liekkas（温暖）,1709868626.0
2024-03-08 14:02:45,新-人类,id1892851925,歌名：漫长的告白（女生温柔版）,1709877756.0
2024-03-09 00:00:45,星痕之风,id2052119651,歌名：雨蝶,1709913637.0
2024-03-09 00:01:11,-见树,id459925109,歌名：Heal,1709913663.0
2024-03-09 00:02:55,-见树,id3879945,歌名：Boston,1709913767.0
2024-03-09 10:14:51,不苟史笑的白氢,id1964893062,歌名：赐我（《天官赐福》广播剧第一季主题曲）,1709950480.0
2024-03-11 02:11:42,春日神棍,id1383526906,歌名：当（live）,1710094294.0
2024-03-11 02:13:07,春日神棍,id2128833694,歌名：九月九的酒（抖音DJ版）,1710094379.0
2024-03-12 20:50:28,一只粉色的老鼠星鼠,id569793786,歌名：String Quartet No. 7 in F Major, Op. 59 No. 1 "Razumovsky": IV. Theme russe (Allegro),1710247813.0
2024-03-12 20:56:03,一只粉色的老鼠星鼠,id1475596604,歌名：YY,1710248154.0
2024-03-12 21:03:03,一只粉色的老鼠星鼠,id857619,歌名：深海少女,1710248574.0
2024-03-13 00:23:52,新-人类,id5232089,歌名：别在我离开之前离开,1710260624.0
2024-03-13 03:36:36,春日神棍,id2101145263,歌名：如果只转身后退就能回到那个夏天？,1710272186.0
2024-03-13 06:05:56,一只粉色的老鼠星鼠,id2134114866,歌名：Bling-Bang-Bang-Born（物理魔法使马修/肌肉魔法使-MASHLE- 第二季 OP）,1710281144.0
2024-03-13 17:27:50,欸对就是我,id1423006217,歌名：爱转角,1710322061.0
2024-03-14 01:03:29,-见树,id19580055,歌名：Adam's Song,1710349400.0
2024-03-14 19:57:21,齜䮸櫸廲㹑㐣奲蠯濲醗,id2030248822,歌名：意外,1710417432.0
2024-03-14 20:02:47,齜䮸櫸廲㹑㐣奲蠯濲醗,id1362887830,歌名：阿刁（张韶涵改编版）,1710417759.0
