2023-08-30 08:54:38 柠檬0325:欢迎【重启人生桑桑】进入直播间！
2023-08-30 09:00:12 柠檬0325:欢迎【呷朲2966の562294七䝑】进入直播间！
2023-08-30 09:04:01 柠檬0325:欢迎【の朲Q261-83921芞】进入直播间！
2023-08-30 09:09:47 柠檬0325:欢迎【朲氣xQ1087-713】进入直播间！
2023-08-30 09:13:05 柠檬0325:欢迎【姓文单名一个爷字】进入直播间！
2023-08-30 09:19:59 柠檬0325:欢迎【朲氣xQ1087-713】进入直播间！
2023-08-30 09:22:34 柠檬0325:欢迎【の朲Q261-83921芞】进入直播间！
2023-08-30 09:28:15 柠檬0325:欢迎【等等等等等等_登】进入直播间！
2023-08-30 09:31:34 柠檬0325:欢迎【朲氣xQ1087-713】进入直播间！
2023-08-30 09:33:45 柠檬0325:欢迎【の朲Q261-83921芞】进入直播间！
2023-08-30 09:43:51 柠檬0325:欢迎【の朲Q261-83921芞】进入直播间！
2023-08-30 09:56:38 柠檬0325:欢迎【朲氣xQ1087-713】进入直播间！
2023-08-30 10:06:10 泳淏:滴 打卡
2023-08-30 10:07:48 柠檬0325:欢迎【pokemmoAAABilBil】进入直播间！
2023-08-30 10:13:00 柠檬0325:欢迎【の朲Q261-83921芞】进入直播间！
2023-08-30 10:15:47 柠檬0325:欢迎【朲氣xQ1087-713】进入直播间！
2023-08-30 10:31:06 柠檬0325:欢迎【朲氣xQ1087-713】进入直播间！
2023-08-30 10:41:04 柠檬0325:欢迎【の朲Q261-83921芞】进入直播间！
2023-08-30 10:50:35 柠檬0325:欢迎【朲氣xQ1087-713】进入直播间！
2023-08-30 11:02:30 柠檬0325:欢迎【の朲Q261-83921芞】进入直播间！
2023-08-30 11:09:44 柠檬0325:欢迎【豆浆加鸡蛋】进入直播间！
2023-08-30 11:16:51 柠檬0325:欢迎【bili_3494353282533746】进入直播间
2023-08-30 11:16:51 柠檬0325:！
2023-08-30 11:33:31 柠檬0325:欢迎【の朲Q261-83921芞】进入直播间！
2023-08-30 11:44:55 柠檬0325:欢迎【bili_3494353282533746】进入直播间
2023-08-30 11:44:55 柠檬0325:！
2023-08-30 12:00:53 柠檬0325:欢迎【bili_3494353282533746】进入直播间
2023-08-30 12:00:54 柠檬0325:！
2023-08-30 12:05:43 柠檬0325:欢迎【秋叶の影】进入直播间！
2023-08-30 12:06:19 柠檬0325:欢迎【の朲Q261-83921芞】进入直播间！
2023-08-30 12:23:02 柠檬0325:欢迎【朲氣xQ1087-713】进入直播间！
2023-08-30 12:34:42 柠檬0325:欢迎【の朲Q261-83921芞】进入直播间！
2023-08-30 12:34:55 柠檬0325:欢迎【无产者联合起来-_】进入直播间！
2023-08-30 12:35:53 柠檬0325:欢迎【朲氣xQ1087-713】进入直播间！
2023-08-30 12:47:03 柠檬0325:欢迎【の朲Q261-83921芞】进入直播间！
2023-08-30 12:51:59 柠檬0325:欢迎【无产者联合起来-_】进入直播间！
2023-08-30 13:16:48 柠檬0325:欢迎【朲氣xQ1087-713】进入直播间！
2023-08-30 13:27:24 柠檬0325:欢迎【の朲Q261-83921芞】进入直播间！
2023-08-30 13:43:40 柠檬0325:欢迎【の朲Q261-83921芞】进入直播间！
2023-08-30 13:53:01 柠檬0325:欢迎【不长嘴的橘子】进入直播间！
2023-08-30 14:04:09 柠檬0325:欢迎【朲氣xQ1087-713】进入直播间！
2023-08-30 14:08:20 柠檬0325:欢迎【抱住肥肥的自己】进入直播间！
2023-08-30 14:10:36 柠檬0325:欢迎【彼岸花云帆】进入直播间！
2023-08-30 14:15:14 柠檬0325:欢迎【朲氣xQ1087-713】进入直播间！
2023-08-30 14:22:07 柠檬0325:欢迎【抱住肥肥的自己】进入直播间！
2023-08-30 14:25:22 柠檬0325:欢迎【の朲Q261-83921芞】进入直播间！
2023-08-30 14:29:57 柠檬0325:欢迎【朲氣xQ1087-713】进入直播间！
2023-08-30 14:47:55 柠檬0325:欢迎【bili_69775837611】进入直播间！
2023-08-30 14:57:02 柠檬0325:欢迎【长白藏灵】进入直播间！
2023-08-30 14:57:19 柠檬0325:欢迎【朲氣xQ1087-713】进入直播间！
2023-08-30 15:05:27 柠檬0325:欢迎【の朲Q261-83921芞】进入直播间！
2023-08-30 15:30:37 柠檬0325:欢迎【朲氣xQ1087-713】进入直播间！
2023-08-30 15:30:44 柠檬0325:欢迎【の朲Q261-83921芞】进入直播间！
2023-08-30 15:32:59 柠檬0325:欢迎【金丝虾球拐个刻晴】进入直播间！
2023-08-30 15:43:32 柠檬0325:欢迎【哈哈哈嘻嘻嘻我来啦】进入直播间！
2023-08-30 16:02:16 柠檬0325:欢迎【朲氣xQ1087-713】进入直播间！
2023-08-30 16:14:26 柠檬0325:欢迎【pokemmoAAABilBil】进入直播间！
2023-08-30 16:46:25 柠檬0325:欢迎【方可施】进入直播间！
2023-08-30 17:22:56 柠檬0325:欢迎【小点心是铭铭吖】进入直播间！
2023-08-30 17:38:34 柠檬0325:欢迎【我是乌龙】进入直播间！
2023-08-30 17:41:25 柠檬0325:欢迎【等等等等等等_登】进入直播间！
2023-08-30 17:46:20 柠檬0325:欢迎【の朲Q261-83921芞】进入直播间！
2023-08-30 17:51:57 柠檬0325:欢迎【zhonghui1985】进入直播间！
2023-08-30 17:57:48 柠檬0325:欢迎【朲氣xQ1087-713】进入直播间！
2023-08-30 18:18:52 柠檬0325:欢迎【の朲Q261-83921芞】进入直播间！
2023-08-30 18:20:19 柠檬0325:欢迎【朲氣xQ1087-713】进入直播间！
2023-08-30 18:33:38 柠檬0325:欢迎【朲氣xQ1087-713】进入直播间！
2023-08-30 18:44:58 柠檬0325:欢迎【の朲Q261-83921芞】进入直播间！
2023-08-30 18:48:48 柠檬0325:欢迎【朲氣xQ1087-713】进入直播间！
2023-08-30 19:06:12 柠檬0325:欢迎【朲氣xQ1087-713】进入直播间！
2023-08-30 19:09:22 柠檬0325:欢迎【の朲Q261-83921芞】进入直播间！
2023-08-30 19:20:18 柠檬0325:欢迎【の朲Q261-83921芞】进入直播间！
2023-08-30 19:22:48 柠檬0325:欢迎【近卫木乃香_】进入直播间！
2023-08-30 19:24:19 柠檬0325:欢迎【昨天梦到啥】进入直播间！
2023-08-30 19:47:04 柠檬0325:欢迎【近卫木乃香_】进入直播间！
2023-08-30 20:31:33 柠檬0325:欢迎【bili_69775837611】进入直播间！
2023-08-30 20:46:30 柠檬0325:欢迎【-CONCEPT-】进入直播间！
2023-08-30 20:59:43 柠檬0325:欢迎【kavencat】进入直播间！
2023-08-30 21:00:05 柠檬0325:欢迎【星河凉转夜三更】进入直播间！
2023-08-30 21:00:44 柠檬0325:欢迎【pokemmoAAABilBil】进入直播间！
2023-08-30 21:04:44 柠檬0325:欢迎【无产者联合起来-_】进入直播间！
2023-08-30 21:41:57 柠檬0325:欢迎【嶋氚】进入直播间！
2023-08-30 21:55:02 柠檬0325:欢迎【西瓜味笑】进入直播间！
2023-08-30 22:17:01 柠檬0325:欢迎【欧小龍】进入直播间！
2023-08-30 22:33:29 柠檬0325:欢迎【Robo-夜影】进入直播间！
2023-08-30 22:33:47 柠檬0325:感谢[Robo-夜影]赠送的[辣条]20个！
2023-08-30 22:38:46 Robo-夜影:点歌 逍遥叹
2023-08-30 22:38:46 柠檬0325:已收到Robo-夜影的指令
2023-08-30 22:38:49 柠檬0325:正在下载id1815341568
2023-08-30 22:38:52 柠檬0325:歌曲[逍遥叹]下载完成，加入播放队列
2023-08-30 22:43:10 柠檬0325:欢迎【隐身访问中】进入直播间！
2023-08-30 23:09:27 Robo-夜影:点歌 除了春天爱情和樱花 IU
2023-08-30 23:09:27 柠檬0325:已收到Robo-夜影的指令
2023-08-30 23:09:30 柠檬0325:正在下载id1912234051
2023-08-30 23:09:34 柠檬0325:歌曲[除了春天爱情和樱花]下载完成，加入播放队列
2023-08-30 23:09:55 柠檬0325:感谢[Robo-夜影]赠送的[辣条]520个！
2023-08-30 23:10:14 柠檬0325:感谢[Robo-夜影]赠送的[辣条]520个！
2023-08-30 23:14:56 Robo-夜影:点歌 溯
2023-08-30 23:14:56 柠檬0325:已收到Robo-夜影的指令
2023-08-30 23:14:59 柠檬0325:正在下载id1433584979
2023-08-30 23:15:03 柠檬0325:歌曲[溯（钢琴版）]下载完成，加入播放队列
2023-08-30 23:23:41 柠檬0325:欢迎【孤狮雪蝶】进入直播间！
2023-08-30 23:28:47 柠檬0325:欢迎【塔塔莉亚a】进入直播间！
2023-08-30 23:33:50 疏雨梧桐独坐时:点歌 春泥
2023-08-30 23:33:50 柠檬0325:已收到疏雨梧桐独坐时的指令
2023-08-30 23:33:52 柠檬0325:正在下载id2070665799
2023-08-30 23:33:55 柠檬0325:歌曲[春泥（emo版）]下载完成，加入播放队列
2023-08-30 23:38:39 疏雨梧桐独坐时:点歌 直到世界尽头
2023-08-30 23:38:40 柠檬0325:已收到疏雨梧桐独坐时的指令
2023-08-30 23:38:42 柠檬0325:正在下载id32192765
2023-08-30 23:38:45 柠檬0325:歌曲[直到世界尽头（真人秀《前往世界的尽头》主题曲）]下载完
2023-08-30 23:38:47 柠檬0325:成，加入播放队列
2023-08-31 01:12:16 柠檬0325:欢迎【uuu啦啦啦啦啦】进入直播间！
2023-08-31 01:15:11 柠檬0325:欢迎【の朲Q261-83921芞】进入直播间！
2023-08-31 01:33:15 柠檬0325:欢迎【松松小朋友】进入直播间！
2023-08-31 01:55:17 柠檬0325:欢迎【朲氣xQ1087-713】进入直播间！
2023-08-31 02:08:25 柠檬0325:欢迎【の朲Q261-83921芞】进入直播间！
2023-08-31 02:20:50 柠檬0325:欢迎【の朲Q261-83921芞】进入直播间！
2023-08-31 02:35:41 柠檬0325:欢迎【朲氣xQ1087-713】进入直播间！
2023-08-31 02:40:08 柠檬0325:欢迎【似魔人】进入直播间！
2023-08-31 02:53:10 柠檬0325:欢迎【の朲Q261-83921芞】进入直播间！
2023-08-31 03:16:03 柠檬0325:欢迎【M京枳】进入直播间！
2023-08-31 03:28:55 柠檬0325:欢迎【朲氣xQ1087-713】进入直播间！
2023-08-31 03:31:42 柠檬0325:欢迎【の朲Q261-83921芞】进入直播间！
2023-08-31 03:44:00 柠檬0325:欢迎【续茗】进入直播间！
2023-08-31 03:45:12 柠檬0325:欢迎【の朲Q261-83921芞】进入直播间！
2023-08-31 03:48:05 柠檬0325:欢迎【呷朲2966の562294七䝑】进入直播间！
2023-08-31 04:01:00 柠檬0325:欢迎【呷朲2966の562294七䝑】进入直播间！
2023-08-31 04:08:18 柠檬0325:欢迎【の朲Q261-83921芞】进入直播间！
2023-08-31 04:15:05 柠檬0325:欢迎【呷朲2966の562294七䝑】进入直播间！
2023-08-31 04:15:53 柠檬0325:欢迎【朲氣xQ1087-713】进入直播间！
2023-08-31 04:20:18 柠檬0325:欢迎【の朲Q261-83921芞】进入直播间！
2023-08-31 04:25:12 柠檬0325:欢迎【呷朲2966の562294七䝑】进入直播间！
2023-08-31 04:28:05 柠檬0325:欢迎【朲氣xQ1087-713】进入直播间！
2023-08-31 04:37:27 柠檬0325:欢迎【の朲Q261-83921芞】进入直播间！
2023-08-31 04:39:02 柠檬0325:欢迎【呷朲2966の562294七䝑】进入直播间！
2023-08-31 04:49:57 柠檬0325:欢迎【朲氣xQ1087-713】进入直播间！
2023-08-31 04:52:30 柠檬0325:欢迎【呷朲2966の562294七䝑】进入直播间！
2023-08-31 05:02:59 柠檬0325:欢迎【の朲Q261-83921芞】进入直播间！
2023-08-31 05:04:25 柠檬0325:欢迎【呷朲2966の562294七䝑】进入直播间！
2023-08-31 05:16:40 柠檬0325:欢迎【呷朲2966の562294七䝑】进入直播间！
2023-08-31 05:19:20 柠檬0325:欢迎【の朲Q261-83921芞】进入直播间！
2023-08-31 05:24:56 柠檬0325:欢迎【朲氣xQ1087-713】进入直播间！
2023-08-31 05:26:27 柠檬0325:欢迎【近卫木乃香_】进入直播间！
2023-08-31 05:31:18 柠檬0325:欢迎【呷朲2966の562294七䝑】进入直播间！
2023-08-31 05:32:04 柠檬0325:欢迎【の朲Q261-83921芞】进入直播间！
2023-08-31 05:38:13 柠檬0325:欢迎【朲氣xQ1087-713】进入直播间！
2023-08-31 05:44:39 柠檬0325:欢迎【呷朲2966の562294七䝑】进入直播间！
2023-08-31 05:55:25 柠檬0325:欢迎【の朲Q261-83921芞】进入直播间！
2023-08-31 05:58:46 柠檬0325:欢迎【呷朲2966の562294七䝑】进入直播间！
2023-08-31 06:02:51 柠檬0325:欢迎【朲氣xQ1087-713】进入直播间！
2023-08-31 06:10:08 柠檬0325:欢迎【の朲Q261-83921芞】进入直播间！
2023-08-31 06:10:25 柠檬0325:欢迎【呷朲2966の562294七䝑】进入直播间！
2023-08-31 06:23:54 柠檬0325:欢迎【呷朲2966の562294七䝑】进入直播间！
2023-08-31 06:40:10 柠檬0325:欢迎【の朲Q261-83921芞】进入直播间！
2023-08-31 06:41:12 柠檬0325:欢迎【宅蛇录】进入直播间！
2023-08-31 06:48:00 柠檬0325:欢迎【似魔人】进入直播间！
2023-08-31 06:48:13 似魔人:点歌 Inside the Progra
2023-08-31 06:48:13 柠檬0325:已收到似魔人的指令
2023-08-31 06:48:16 柠檬0325:正在下载id3184046
2023-08-31 06:48:19 柠檬0325:歌曲[Inside the Program]下载完成，加入播
2023-08-31 06:48:21 柠檬0325:放队列
2023-08-31 06:48:46 似魔人:小时候听到这首歌，近视眼都被吓好了
2023-08-31 06:50:26 柠檬0325:欢迎【起个小名字真难】进入直播间！
2023-08-31 06:52:43 柠檬0325:欢迎【の朲Q261-83921芞】进入直播间！
2023-08-31 07:03:08 柠檬0325:欢迎【呷朲2966の562294七䝑】进入直播间！
2023-08-31 07:09:59 柠檬0325:欢迎【の朲Q261-83921芞】进入直播间！
2023-08-31 07:10:58 柠檬0325:欢迎【朲氣xQ1087-713】进入直播间！
2023-08-31 07:12:50 柠檬0325:欢迎【等等等等等等_登】进入直播间！
2023-08-31 07:15:47 柠檬0325:欢迎【呷朲2966の562294七䝑】进入直播间！
2023-08-31 07:22:00 柠檬0325:欢迎【清清的飞】进入直播间！
2023-08-31 07:23:09 柠檬0325:欢迎【の朲Q261-83921芞】进入直播间！
2023-08-31 07:32:37 泳淏:滴 打卡
2023-08-31 07:34:12 柠檬0325:欢迎【の朲Q261-83921芞】进入直播间！
2023-08-31 07:41:08 柠檬0325:欢迎【等等等等等等_登】进入直播间！
2023-08-31 07:41:57 柠檬0325:欢迎【呷朲2966の562294七䝑】进入直播间！
2023-08-31 07:43:36 柠檬0325:欢迎【imnjbb】进入直播间！
2023-08-31 07:45:40 柠檬0325:欢迎【朲氣xQ1087-713】进入直播间！
2023-08-31 07:47:35 柠檬0325:欢迎【の朲Q261-83921芞】进入直播间！
2023-08-31 07:48:47 柠檬0325:欢迎【段狗嘚】进入直播间！
2023-08-31 07:53:43 柠檬0325:欢迎【等等等等等等_登】进入直播间！
2023-08-31 07:54:37 柠檬0325:欢迎【呷朲2966の562294七䝑】进入直播间！
2023-08-31 08:13:38 柠檬0325:欢迎【の朲Q261-83921芞】进入直播间！
2023-08-31 08:17:03 柠檬0325:欢迎【朲氣xQ1087-713】进入直播间！
2023-08-31 08:22:18 柠檬0325:欢迎【呷朲2966の562294七䝑】进入直播间！
2023-08-31 08:25:43 柠檬0325:欢迎【岩岩和念念】进入直播间！
2023-08-31 08:30:28 柠檬0325:欢迎【の朲Q261-83921芞】进入直播间！
2023-08-31 08:33:35 柠檬0325:欢迎【玛瑟里顿】进入直播间！
2023-08-31 08:35:28 柠檬0325:欢迎【呷朲2966の562294七䝑】进入直播间！
2023-08-31 08:36:45 柠檬0325:欢迎【朲氣xQ1087-713】进入直播间！
2023-08-31 08:40:34 柠檬0325:欢迎【の朲Q261-83921芞】进入直播间！
2023-08-31 08:48:12 柠檬0325:欢迎【呷朲2966の562294七䝑】进入直播间！
2023-08-31 08:48:18 柠檬0325:欢迎【朲氣xQ1087-713】进入直播间！
2023-08-31 08:51:46 柠檬0325:欢迎【星情a】进入直播间！
2023-08-31 09:01:39 柠檬0325:欢迎【呷朲2966の562294七䝑】进入直播间！
2023-08-31 09:05:12 柠檬0325:欢迎【の朲Q261-83921芞】进入直播间！
2023-08-31 09:09:11 柠檬0325:欢迎【朲氣xQ1087-713】进入直播间！
2023-08-31 09:14:22 柠檬0325:欢迎【呷朲2966の562294七䝑】进入直播间！
2023-08-31 09:22:05 柠檬0325:欢迎【朲氣xQ1087-713】进入直播间！
2023-08-31 09:38:12 柠檬0325:欢迎【の朲Q261-83921芞】进入直播间！
2023-08-31 09:42:07 柠檬0325:欢迎【呷朲2966の562294七䝑】进入直播间！
2023-08-31 09:43:06 柠檬0325:欢迎【朲氣xQ1087-713】进入直播间！
2023-08-31 09:55:15 柠檬0325:欢迎【の朲Q261-83921芞】进入直播间！
2023-08-31 09:57:54 柠檬0325:欢迎【朲氣xQ1087-713】进入直播间！
2023-08-31 10:15:23 柠檬0325:欢迎【の朲Q261-83921芞】进入直播间！
2023-08-31 10:18:40 柠檬0325:欢迎【朲氣xQ1087-713】进入直播间！
2023-08-31 10:23:02 柠檬0325:欢迎【掰立哇】进入直播间！
2023-08-31 10:29:59 柠檬0325:欢迎【Tonglynn0】进入直播间！
2023-08-31 10:30:59 柠檬0325:欢迎【の朲Q261-83921芞】进入直播间！
2023-08-31 10:34:49 柠檬0325:欢迎【晓楼雨夜】进入直播间！
2023-08-31 10:41:44 柠檬0325:欢迎【朲氣xQ1087-713】进入直播间！
2023-08-31 10:50:27 柠檬0325:欢迎【babymiloku】进入直播间！
2023-08-31 10:54:18 柠檬0325:欢迎【朲氣xQ1087-713】进入直播间！
2023-08-31 11:04:43 柠檬0325:欢迎【の朲Q261-83921芞】进入直播间！
2023-08-31 11:08:10 柠檬0325:欢迎【陈小羊的】进入直播间！
2023-08-31 11:20:08 柠檬0325:欢迎【朲氣xQ1087-713】进入直播间！
2023-08-31 11:32:44 柠檬0325:欢迎【朲氣xQ1087-713】进入直播间！
2023-08-31 11:43:21 柠檬0325:欢迎【灰烬之鸦】进入直播间！
2023-08-31 12:00:43 柠檬0325:欢迎【の朲Q261-83921芞】进入直播间！
2023-08-31 12:38:19 柠檬0325:欢迎【pokemmoAAABilBil】进入直播间！
2023-08-31 12:42:12 柠檬0325:欢迎【朲氣xQ1087-713】进入直播间！
2023-08-31 12:43:19 柠檬0325:欢迎【の朲Q261-83921芞】进入直播间！
2023-08-31 12:58:20 柠檬0325:欢迎【无产者联合起来-_】进入直播间！
2023-08-31 13:00:09 柠檬0325:欢迎【の朲Q261-83921芞】进入直播间！
2023-08-31 13:16:27 柠檬0325:欢迎【の朲Q261-83921芞】进入直播间！
2023-08-31 13:27:55 柠檬0325:欢迎【朲氣xQ1087-713】进入直播间！
2023-08-31 13:52:35 柠檬0325:欢迎【の朲Q261-83921芞】进入直播间！
2023-08-31 13:55:10 柠檬0325:欢迎【朲氣xQ1087-713】进入直播间！
2023-08-31 14:21:10 柠檬0325:欢迎【の朲Q261-83921芞】进入直播间！
2023-08-31 14:29:51 柠檬0325:欢迎【朲氣xQ1087-713】进入直播间！
2023-08-31 14:32:12 柠檬0325:欢迎【の朲Q261-83921芞】进入直播间！
2023-08-31 14:38:14 柠檬0325:欢迎【安然Angela】进入直播间！
2023-08-31 14:38:55 柠檬0325:欢迎【秃头众】进入直播间！
2023-08-31 14:49:13 柠檬0325:欢迎【朲氣xQ1087-713】进入直播间！
2023-08-31 14:51:46 柠檬0325:欢迎【伴她疯feng】进入直播间！
2023-08-31 14:58:19 柠檬0325:欢迎【清清的飞】进入直播间！
2023-08-31 15:14:18 柠檬0325:欢迎【朲氣xQ1087-713】进入直播间！
2023-08-31 15:14:47 柠檬0325:欢迎【の朲Q261-83921芞】进入直播间！
2023-08-31 15:25:37 柠檬0325:欢迎【朲氣xQ1087-713】进入直播间！
2023-08-31 15:25:37 柠檬0325:欢迎【danduna】进入直播间！
2023-08-31 15:33:52 柠檬0325:欢迎【の朲Q261-83921芞】进入直播间！
2023-08-31 15:51:54 柠檬0325:欢迎【の朲Q261-83921芞】进入直播间！
2023-08-31 16:08:24 柠檬0325:欢迎【朲氣xQ1087-713】进入直播间！
2023-08-31 16:16:36 柠檬0325:欢迎【の朲Q261-83921芞】进入直播间！
2023-08-31 16:43:06 柠檬0325:欢迎【朲氣xQ1087-713】进入直播间！
2023-08-31 16:54:23 柠檬0325:欢迎【の朲Q261-83921芞】进入直播间！
2023-08-31 17:01:15 柠檬0325:欢迎【朲氣xQ1087-713】进入直播间！
2023-08-31 17:36:00 柠檬0325:欢迎【の朲Q261-83921芞】进入直播间！
2023-08-31 17:57:20 柠檬0325:欢迎【隔壁直播打小孩】进入直播间！
2023-08-31 18:08:59 柠檬0325:欢迎【曌吾孑】进入直播间！
2023-08-31 18:09:22 柠檬0325:欢迎【朲氣xQ1087-713】进入直播间！
2023-08-31 18:20:58 柠檬0325:欢迎【の朲Q261-83921芞】进入直播间！
2023-08-31 18:25:32 柠檬0325:欢迎【朲氣xQ1087-713】进入直播间！
2023-08-31 18:33:38 柠檬0325:欢迎【の朲Q261-83921芞】进入直播间！
2023-08-31 18:43:58 柠檬0325:欢迎【朲氣xQ1087-713】进入直播间！
2023-08-31 18:59:31 柠檬0325:欢迎【还我靓仔拳】进入直播间！
2023-08-31 19:10:43 柠檬0325:欢迎【朲氣xQ1087-713】进入直播间！
2023-08-31 19:17:27 柠檬0325:欢迎【柠檬0325】进入直播间！
2023-08-31 19:25:37 柠檬0325:欢迎【朲氣xQ1087-713】进入直播间！
2023-08-31 19:37:29 柠檬0325:欢迎【柠檬0325】进入直播间！
2023-08-31 19:55:49 柠檬0325:欢迎【青尢_1】进入直播间！
2023-08-31 20:00:27 柠檬0325:欢迎【无产者联合起来-_】进入直播间！
2023-08-31 20:09:01 柠檬0325:欢迎【柠檬0325】进入直播间！
2023-08-31 20:20:23 柠檬0325:欢迎【百合騎士】进入直播间！
2023-08-31 20:36:20 柠檬0325:欢迎【百合騎士】进入直播间！
2023-08-31 22:46:53 柠檬0325:欢迎【无产者联合起来-_】进入直播间！
2023-08-31 23:00:33 柠檬0325:欢迎【bili_57009775269】进入直播间！
2023-08-31 23:10:56 柠檬0325:欢迎【瞧瞧看一看了】进入直播间！
2023-08-31 23:28:12 柠檬0325:欢迎【Waltcest】进入直播间！
2023-09-01 01:36:50 柠檬0325:欢迎【天灰凌凌】进入直播间！
2023-09-01 01:58:57 柠檬0325:欢迎【tekoku】进入直播间！
2023-09-01 02:00:59 柠檬0325:欢迎【朲氣xQ1087-713】进入直播间！
2023-09-01 02:20:58 柠檬0325:欢迎【の朲Q261-83921芞】进入直播间！
2023-09-01 02:24:05 柠檬0325:欢迎【candy6yl】进入直播间！
2023-09-01 02:27:12 柠檬0325:欢迎【朲氣xQ1087-713】进入直播间！
2023-09-01 02:33:00 柠檬0325:欢迎【ハンユウシ】进入直播间！
2023-09-01 02:39:01 柠檬0325:欢迎【朲氣xQ1087-713】进入直播间！
2023-09-01 03:07:43 柠檬0325:欢迎【加家豪PLUSVIDEO】进入直播间！
2023-09-01 03:11:31 柠檬0325:欢迎【朲氣xQ1087-713】进入直播间！
2023-09-01 03:23:44 柠檬0325:欢迎【朲氣xQ1087-713】进入直播间！
2023-09-01 03:29:17 柠檬0325:欢迎【呷朲2966の562294七䝑】进入直播间！
2023-09-01 03:38:35 柠檬0325:欢迎【朲氣xQ1087-713】进入直播间！
2023-09-01 03:39:59 柠檬0325:欢迎【の朲Q261-83921芞】进入直播间！
2023-09-01 03:52:18 柠檬0325:欢迎【呷朲2966の562294七䝑】进入直播间！
2023-09-01 03:53:58 柠檬0325:欢迎【の朲Q261-83921芞】进入直播间！
2023-09-01 03:59:36 柠檬0325:欢迎【朲氣xQ1087-713】进入直播间！
2023-09-01 04:11:55 柠檬0325:欢迎【朲氣xQ1087-713】进入直播间！
2023-09-01 04:12:23 柠檬0325:欢迎【の朲Q261-83921芞】进入直播间！
2023-09-01 04:16:26 柠檬0325:欢迎【呷朲2966の562294七䝑】进入直播间！
2023-09-01 04:27:44 柠檬0325:欢迎【朲氣xQ1087-713】进入直播间！
2023-09-01 04:28:14 柠檬0325:欢迎【呷朲2966の562294七䝑】进入直播间！
2023-09-01 04:40:14 柠檬0325:欢迎【呷朲2966の562294七䝑】进入直播间！
2023-09-01 04:40:48 柠檬0325:欢迎【朲氣xQ1087-713】进入直播间！
2023-09-01 04:51:10 柠檬0325:欢迎【呷朲2966の562294七䝑】进入直播间！
2023-09-01 04:51:42 柠檬0325:欢迎【の朲Q261-83921芞】进入直播间！
2023-09-01 04:57:57 柠檬0325:欢迎【朲氣xQ1087-713】进入直播间！
2023-09-01 05:01:35 柠檬0325:欢迎【潇潇风雨寒】进入直播间！
2023-09-01 05:03:49 柠檬0325:欢迎【呷朲2966の562294七䝑】进入直播间！
2023-09-01 05:11:36 柠檬0325:欢迎【の朲Q261-83921芞】进入直播间！
2023-09-01 05:12:48 柠檬0325:欢迎【朲氣xQ1087-713】进入直播间！
2023-09-01 05:15:17 柠檬0325:欢迎【呷朲2966の562294七䝑】进入直播间！
2023-09-01 05:23:19 柠檬0325:欢迎【の朲Q261-83921芞】进入直播间！
2023-09-01 05:27:58 柠檬0325:欢迎【朲氣xQ1087-713】进入直播间！
2023-09-01 05:36:15 柠檬0325:欢迎【の朲Q261-83921芞】进入直播间！
2023-09-01 05:38:52 柠檬0325:欢迎【呷朲2966の562294七䝑】进入直播间！
2023-09-01 05:41:37 柠檬0325:欢迎【朲氣xQ1087-713】进入直播间！
2023-09-01 05:48:05 柠檬0325:欢迎【是空呐_Troy】进入直播间！
2023-09-01 05:50:37 柠檬0325:欢迎【呷朲2966の562294七䝑】进入直播间！
2023-09-01 06:01:29 柠檬0325:欢迎【朲氣xQ1087-713】进入直播间！
2023-09-01 06:01:44 柠檬0325:欢迎【の朲Q261-83921芞】进入直播间！
2023-09-01 06:02:25 柠檬0325:欢迎【呷朲2966の562294七䝑】进入直播间！
2023-09-01 06:14:19 柠檬0325:欢迎【呷朲2966の562294七䝑】进入直播间！
2023-09-01 06:16:41 柠檬0325:欢迎【の朲Q261-83921芞】进入直播间！
2023-09-01 06:18:29 柠檬0325:欢迎【朲氣xQ1087-713】进入直播间！
2023-09-01 06:26:47 柠檬0325:欢迎【呷朲2966の562294七䝑】进入直播间！
2023-09-01 06:31:47 柠檬0325:欢迎【朲氣xQ1087-713】进入直播间！
2023-09-01 06:33:02 柠檬0325:欢迎【の朲Q261-83921芞】进入直播间！
2023-09-01 06:39:02 柠檬0325:欢迎【呷朲2966の562294七䝑】进入直播间！
2023-09-01 06:45:32 柠檬0325:欢迎【朲氣xQ1087-713】进入直播间！
2023-09-01 06:50:35 柠檬0325:欢迎【呷朲2966の562294七䝑】进入直播间！
2023-09-01 06:52:23 柠檬0325:欢迎【の朲Q261-83921芞】进入直播间！
2023-09-01 07:02:00 柠檬0325:欢迎【呷朲2966の562294七䝑】进入直播间！
2023-09-01 07:06:15 柠檬0325:欢迎【の朲Q261-83921芞】进入直播间！
2023-09-01 07:07:02 柠檬0325:欢迎【朲氣xQ1087-713】进入直播间！
2023-09-01 07:13:50 柠檬0325:欢迎【呷朲2966の562294七䝑】进入直播间！
2023-09-01 07:21:16 柠檬0325:欢迎【羊没了】进入直播间！
2023-09-01 07:23:38 柠檬0325:欢迎【朲氣xQ1087-713】进入直播间！
2023-09-01 07:27:23 柠檬0325:欢迎【呷朲2966の562294七䝑】进入直播间！
2023-09-01 07:33:23 柠檬0325:欢迎【の朲Q261-83921芞】进入直播间！
2023-09-01 07:38:49 柠檬0325:欢迎【呷朲2966の562294七䝑】进入直播间！
2023-09-01 07:44:45 柠檬0325:欢迎【朲氣xQ1087-713】进入直播间！
2023-09-01 07:47:46 柠檬0325:欢迎【の朲Q261-83921芞】进入直播间！
2023-09-01 07:50:43 柠檬0325:欢迎【呷朲2966の562294七䝑】进入直播间！
2023-09-01 07:52:51 柠檬0325:欢迎【LeseyDDD】进入直播间！
2023-09-01 08:02:14 柠檬0325:欢迎【呷朲2966の562294七䝑】进入直播间！
2023-09-01 08:04:10 柠檬0325:欢迎【の朲Q261-83921芞】进入直播间！
2023-09-01 08:13:46 柠檬0325:欢迎【朲氣xQ1087-713】进入直播间！
2023-09-01 08:14:16 柠檬0325:欢迎【呷朲2966の562294七䝑】进入直播间！
2023-09-01 08:14:22 柠檬0325:欢迎【豆浆加鸡蛋】进入直播间！
2023-09-01 08:14:37 柠檬0325:欢迎【の朲Q261-83921芞】进入直播间！
2023-09-01 08:20:33 柠檬0325:欢迎【时间执行官】进入直播间！
2023-09-01 08:25:46 柠檬0325:欢迎【の朲Q261-83921芞】进入直播间！
2023-09-01 08:37:58 柠檬0325:欢迎【の朲Q261-83921芞】进入直播间！
2023-09-01 08:38:03 柠檬0325:欢迎【朲氣xQ1087-713】进入直播间！
2023-09-01 08:49:50 柠檬0325:欢迎【朲氣xQ1087-713】进入直播间！
2023-09-01 08:51:07 柠檬0325:欢迎【呷朲2966の562294七䝑】进入直播间！
2023-09-01 08:51:50 柠檬0325:欢迎【の朲Q261-83921芞】进入直播间！
2023-09-01 09:00:12 柠檬0325:欢迎【朲氣xQ1087-713】进入直播间！
2023-09-01 09:14:00 柠檬0325:欢迎【风浪动漫】进入直播间！
2023-09-01 09:20:36 柠檬0325:欢迎【の朲Q261-83921芞】进入直播间！
2023-09-01 09:25:17 柠檬0325:欢迎【朲氣xQ1087-713】进入直播间！
2023-09-01 09:26:05 柠檬0325:欢迎【呷朲2966の562294七䝑】进入直播间！
2023-09-01 09:33:52 柠檬0325:欢迎【の朲Q261-83921芞】进入直播间！
2023-09-01 09:35:48 柠檬0325:欢迎【朲氣xQ1087-713】进入直播间！
2023-09-01 10:00:01 柠檬0325:欢迎【の朲Q261-83921芞】进入直播间！
2023-09-01 10:08:13 柠檬0325:欢迎【朲氣xQ1087-713】进入直播间！
2023-09-01 10:14:33 柠檬0325:欢迎【の朲Q261-83921芞】进入直播间！
2023-09-01 10:31:01 柠檬0325:欢迎【朲氣xQ1087-713】进入直播间！
2023-09-01 10:47:02 柠檬0325:欢迎【朲氣xQ1087-713】进入直播间！
2023-09-01 10:50:29 柠檬0325:欢迎【の朲Q261-83921芞】进入直播间！
2023-09-01 11:06:24 柠檬0325:欢迎【の朲Q261-83921芞】进入直播间！
2023-09-01 11:20:15 柠檬0325:欢迎【朲氣xQ1087-713】进入直播间！
2023-09-01 11:26:03 柠檬0325:欢迎【の朲Q261-83921芞】进入直播间！
2023-09-01 11:59:37 柠檬0325:欢迎【朲氣xQ1087-713】进入直播间！
2023-09-01 12:00:16 柠檬0325:欢迎【の朲Q261-83921芞】进入直播间！
2023-09-01 12:34:59 柠檬0325:欢迎【无产者联合起来-_】进入直播间！
2023-09-01 12:35:25 柠檬0325:欢迎【の朲Q261-83921芞】进入直播间！
2023-09-01 12:44:29 柠檬0325:欢迎【朲氣xQ1087-713】进入直播间！
2023-09-01 12:49:01 柠檬0325:欢迎【の朲Q261-83921芞】进入直播间！
2023-09-01 12:49:26 柠檬0325:欢迎【了不起的初初】进入直播间！
2023-09-01 12:54:48 柠檬0325:欢迎【无产者联合起来-_】进入直播间！
2023-09-01 13:00:38 柠檬0325:欢迎【の朲Q261-83921芞】进入直播间！
2023-09-01 13:04:46 柠檬0325:欢迎【朲氣xQ1087-713】进入直播间！
2023-09-01 13:10:15 柠檬0325:欢迎【无产者联合起来-_】进入直播间！
2023-09-01 13:17:37 柠檬0325:欢迎【azzum】进入直播间！
2023-09-01 13:26:54 柠檬0325:欢迎【の朲Q261-83921芞】进入直播间！
2023-09-01 13:38:17 柠檬0325:欢迎【朲氣xQ1087-713】进入直播间！
2023-09-01 13:58:26 柠檬0325:欢迎【の朲Q261-83921芞】进入直播间！
2023-09-01 14:03:10 柠檬0325:欢迎【朲氣xQ1087-713】进入直播间！
2023-09-01 15:13:01 柠檬0325:欢迎【酊陌沫】进入直播间！
2023-09-02 01:27:58 柠檬0325:感谢[柠檬0325]赠送的[辣条]1个！
2023-09-02 01:28:37 柠檬0325:感谢[柠檬0325]赠送的[辣条]1个！
2023-09-02 01:29:23 柠檬0325:感谢[柠檬0325]赠送的[辣条]1个！
2023-09-02 01:29:23 柠檬0325:感谢[柠檬0325]赠送的[辣条]1个！
2023-09-02 01:29:23 柠檬0325:感谢[柠檬0325]赠送的[辣条]1个！
2023-09-02 01:29:23 柠檬0325:感谢[柠檬0325]赠送的[辣条]1个！
2023-09-02 01:29:23 柠檬0325:感谢[柠檬0325]赠送的[辣条]1个！
2023-09-02 01:29:23 柠檬0325:感谢[柠檬0325]赠送的[辣条]1个！
2023-09-02 01:29:23 柠檬0325:感谢[柠檬0325]赠送的[辣条]1个！
2023-09-02 01:29:23 柠檬0325:感谢[柠檬0325]赠送的[辣条]1个！
2023-09-02 01:29:23 柠檬0325:感谢[柠檬0325]赠送的[辣条]1个！
2023-09-02 01:29:23 柠檬0325:感谢[柠檬0325]赠送的[辣条]1个！
2023-09-02 01:29:23 柠檬0325:感谢[柠檬0325]赠送的[辣条]1个！
2023-09-02 01:29:23 柠檬0325:感谢[柠檬0325]赠送的[辣条]1个！
2023-09-02 01:29:23 柠檬0325:感谢[柠檬0325]赠送的[辣条]1个！
2023-09-02 01:29:40 柠檬0325:点歌需要你
2023-09-02 03:07:29 柠檬0325:欢迎【松松小朋友】进入直播间！
2023-09-02 03:17:16 柠檬0325:欢迎【の朲Q261-83921芞】进入直播间！
2023-09-02 03:21:32 柠檬0325:欢迎【朲氣xQ1087-713】进入直播间！
2023-09-02 03:41:32 柠檬0325:欢迎【朲氣xQ1087-713】进入直播间！
2023-09-02 03:44:41 柠檬0325:欢迎【bili_49815218008】进入直播间！
2023-09-02 03:47:56 柠檬0325:欢迎【の朲Q261-83921芞】进入直播间！
2023-09-02 03:48:25 柠檬0325:欢迎【呷朲2966の562294七䝑】进入直播间！
2023-09-02 03:57:43 柠檬0325:欢迎【朲氣xQ1087-713】进入直播间！
2023-09-02 12:11:39 柠檬0325:欢迎【朲氣xQ1087-713】进入直播间！
2023-09-02 12:23:38 柠檬0325:欢迎【の朲Q261-83921芞】进入直播间！
2023-09-02 12:27:00 柠檬0325:欢迎【bili_908-90262512】进入直播间！
2023-09-02 19:51:44 kavencat:121
2023-09-02 19:52:18 kavencat:喵
2023-09-02 19:52:19 柠檬0325:喵喵喵~
2023-09-02 19:52:48 kavencat:点歌需要你
2023-09-02 19:52:49 柠檬0325:已收到kavencat的指令
2023-09-02 19:52:51 柠檬0325:正在下载id1862773860
2023-09-02 19:52:55 柠檬0325:歌曲[需要你]下载完成，加入播放队列
2023-09-02 19:53:24 kavencat:喵
2023-09-02 19:53:25 柠檬0325:喵！
2023-09-02 19:59:11 柠檬0325:欢迎【kavencat】进入直播间！
2023-09-02 20:07:53 柠檬0325:欢迎【瞧瞧看一看了】进入直播间！
2023-09-02 20:31:33 瞧瞧看一看了:颠个勺
2023-09-02 20:47:58 柠檬0325:欢迎【瞧瞧看一看了】进入直播间！
2023-09-04 18:41:35 柠檬0325:欢迎【聪明的哈哈人】进入直播间！
2023-09-05 03:42:10 柠檬0325:欢迎【坦胖歆歆】进入直播间！
2023-09-05 07:43:13 柠檬0325:欢迎【呦呦啊_】进入直播间！
2023-09-05 16:53:44 柠檬0325:欢迎【bili_3494353282534033】进入直播间
2023-09-05 16:53:44 柠檬0325:！
2023-09-07 00:51:47 柠檬0325:欢迎【1启蛰】进入直播间！
2023-09-07 10:34:24 柠檬0325:欢迎【Oilkomoka】进入直播间！
2023-09-07 11:43:17 柠檬0325:欢迎【朲氣xQ1087-713】进入直播间！
2023-09-07 11:56:34 柠檬0325:欢迎【改名了我】进入直播间！
2023-09-07 11:56:58 改名了我:点歌 yanni Santorini
2023-09-07 11:56:58 柠檬0325:已收到改名了我的指令
2023-09-07 11:56:58 柠檬0325:歌曲[Santorini]已点播过，稍后播放……
2023-09-07 13:57:59 柠檬0325:欢迎【理与实の真厢】进入直播间！
2023-09-07 20:43:15 柠檬0325:欢迎【瞧瞧看一看了】进入直播间！
2023-09-07 22:13:54 柠檬0325:欢迎【瞧瞧看一看了】进入直播间！
2023-09-07 22:26:57 柠檬0325:欢迎【chuncle】进入直播间！
2023-09-07 22:38:49 柠檬0325:欢迎【清清的飞】进入直播间！
2023-09-07 22:41:28 柠檬0325:欢迎【bili_69775837611】进入直播间！
2023-09-07 23:02:59 柠檬0325:欢迎【嘟嘟飞゜】进入直播间！
2023-09-07 23:02:59 嘟嘟飞゜:赞
2023-09-07 23:06:23 柠檬0325:欢迎【DAOTAGE】进入直播间！
2023-09-07 23:08:42 柠檬0325:欢迎【蝶名锌】进入直播间！
2023-09-07 23:28:10 柠檬0325:欢迎【Axsunie】进入直播间！
2023-09-08 00:25:48 柠檬0325:欢迎【roz58459】进入直播间！
2023-09-08 00:40:00 柠檬0325:欢迎【遊戲玩家可直接登入】进入直播间！
2023-09-08 00:42:25 柠檬0325:欢迎【我有一只小毛驴我从来也不骑o】进入直播间！
2023-09-08 00:50:57 柠檬0325:欢迎【松松小朋友】进入直播间！
2023-09-08 00:51:48 柠檬0325:欢迎【所求皆所愿所行化坦途】进入直播间！
2023-09-08 02:26:55 柠檬0325:欢迎【夂北文】进入直播间！
2023-09-08 04:02:37 柠檬0325:欢迎【楼兰九哥】进入直播间！
2023-09-08 04:18:01 柠檬0325:欢迎【初鹿野凛】进入直播间！
2023-09-08 05:34:09 柠檬0325:欢迎【石榴的籽儿】进入直播间！
2023-09-08 05:59:02 柠檬0325:欢迎【蓝牙耳朵已断开】进入直播间！
2023-09-08 08:03:12 柠檬0325:欢迎【bili_69775837611】进入直播间！
2023-09-08 09:22:27 柠檬0325:欢迎【朲氣xQ108-7713】进入直播间！
2023-09-08 11:09:55 柠檬0325:欢迎【bili_69775837611】进入直播间！
2023-09-08 11:22:27 柠檬0325:欢迎【bili_69775837611】进入直播间！
2023-09-08 11:53:14 柠檬0325:欢迎【bili_3494353282534033】进入直播间
2023-09-08 11:53:14 柠檬0325:！
2023-09-08 12:08:56 柠檬0325:欢迎【bili_3494353282534033】进入直播间
2023-09-08 12:08:56 柠檬0325:！
2023-09-08 18:10:10 柠檬0325:欢迎【改名了我】进入直播间！
2023-09-09 01:54:35 柠檬0325:欢迎【bili_3494353282534033】进入直播间
2023-09-09 01:54:35 柠檬0325:！
2023-09-09 08:23:07 柠檬0325:欢迎【近卫木乃香_】进入直播间！
2023-09-09 21:52:20 柠檬0325:欢迎【默默默默默默子呀】进入直播间！
2023-09-10 12:13:13 柠***:12
2023-09-10 12:13:37 柠***:喵
2023-09-10 12:13:40 柠***:喵。。喵？
2023-09-10 12:13:42 柠***:喵！
2023-09-10 12:13:45 柠***:喵喵！
2023-09-10 12:13:47 柠***:喵。。喵？
2023-09-10 12:13:50 柠***:喵喵！
2023-09-10 12:15:05 柠***:12
2023-09-10 12:26:49 柠***:12
2023-09-10 12:32:34 柠***:12
2023-09-10 12:33:27 柠***:12
2023-09-10 12:35:48 柠***:12
2023-09-10 12:39:40 柠***:喵
2023-09-10 12:39:42 柠***:喵！
2023-09-10 12:39:51 柠***:感谢[柠***]赠送的[辣条]1个！
2023-09-10 12:49:36 柠***:12
2023-09-10 12:53:00 柠***:12
2023-09-10 13:37:24 冷***:点歌晴天好心情
2023-09-10 13:37:24 柠***:已收到冷***的指令
2023-09-10 13:37:25 柠***:歌曲[晴天好心情（翻自 平野綾）]已点播过，稍后播放……
2023-09-10 14:10:47 k***:喵
2023-09-10 14:10:50 柠***:喵！
2023-09-10 14:30:08 柠檬0325:12
2023-09-10 14:33:01 柠檬0325:喵
2023-09-10 14:33:12 柠檬0325:12
2023-09-10 15:04:47 柠檬0325:喵
2023-09-10 15:05:03 柠檬0325:12
2023-09-10 15:07:08 柠檬0325:喵
2023-09-10 15:09:28 kavencat:12
2023-09-10 15:11:06 kavencat:12
2023-09-10 15:12:33 kavencat:你好
2023-09-10 15:15:01 柠檬0325:喵
2023-09-10 15:15:14 kavencat:喵
2023-09-10 15:15:15 柠檬0325:喵！
